{"/Users/gabrielfranco/personal/nano-auth/src/routes.ts": {"path":"/Users/gabrielfranco/personal/nano-auth/src/routes.ts","statementMap":{"0":{"start":{"line":3,"column":0},"end":{"line":3,"column":null}},"1":{"start":{"line":11,"column":0},"end":{"line":11,"column":49}},"2":{"start":{"line":13,"column":0},"end":{"line":13,"column":null}},"3":{"start":{"line":20,"column":0},"end":{"line":20,"column":null}},"4":{"start":{"line":50,"column":0},"end":{"line":50,"column":null}},"5":{"start":{"line":55,"column":16},"end":{"line":70,"column":2}},"6":{"start":{"line":72,"column":20},"end":{"line":77,"column":2}},"7":{"start":{"line":79,"column":19},"end":{"line":79,"column":64}},"8":{"start":{"line":81,"column":17},"end":{"line":87,"column":2}},"9":{"start":{"line":89,"column":23},"end":{"line":95,"column":2}},"10":{"start":{"line":97,"column":16},"end":{"line":107,"column":2}},"11":{"start":{"line":109,"column":13},"end":{"line":116,"column":2}}},"fnMap":{},"branchMap":{},"s":{"0":46,"1":46,"2":46,"3":46,"4":46,"5":46,"6":46,"7":46,"8":46,"9":46,"10":46,"11":46},"f":{},"b":{}}
,"/Users/gabrielfranco/personal/nano-auth/src/events/index.ts": {"path":"/Users/gabrielfranco/personal/nano-auth/src/events/index.ts","statementMap":{"0":{"start":{"line":1,"column":0},"end":{"line":1,"column":28}}},"fnMap":{},"branchMap":{},"s":{"0":46},"f":{},"b":{}}
,"/Users/gabrielfranco/personal/nano-auth/src/events/publisher.ts": {"path":"/Users/gabrielfranco/personal/nano-auth/src/events/publisher.ts","statementMap":{"0":{"start":{"line":1,"column":0},"end":{"line":1,"column":78}},"1":{"start":{"line":3,"column":13},"end":{"line":3,"column":79}}},"fnMap":{},"branchMap":{},"s":{"0":46,"1":46},"f":{},"b":{}}
,"/Users/gabrielfranco/personal/nano-auth/src/jobs/index.ts": {"path":"/Users/gabrielfranco/personal/nano-auth/src/jobs/index.ts","statementMap":{"0":{"start":{"line":1,"column":0},"end":{"line":1,"column":27}}},"fnMap":{},"branchMap":{},"s":{"0":0},"f":{},"b":{}}
,"/Users/gabrielfranco/personal/nano-auth/src/jobs/sessions.ts": {"path":"/Users/gabrielfranco/personal/nano-auth/src/jobs/sessions.ts","statementMap":{"0":{"start":{"line":1,"column":0},"end":{"line":1,"column":69}},"1":{"start":{"line":2,"column":0},"end":{"line":2,"column":40}},"2":{"start":{"line":3,"column":0},"end":{"line":3,"column":20}},"3":{"start":{"line":4,"column":0},"end":{"line":4,"column":56}},"4":{"start":{"line":10,"column":37},"end":{"line":18,"column":2}},"5":{"start":{"line":10,"column":48},"end":{"line":18,"column":2}},"6":{"start":{"line":11,"column":2},"end":{"line":17,"column":4}},"7":{"start":{"line":10,"column":13},"end":{"line":10,"column":37}},"8":{"start":{"line":23,"column":37},"end":{"line":30,"column":2}},"9":{"start":{"line":23,"column":48},"end":{"line":30,"column":2}},"10":{"start":{"line":24,"column":2},"end":{"line":29,"column":5}},"11":{"start":{"line":23,"column":13},"end":{"line":23,"column":37}}},"fnMap":{"0":{"name":"(anonymous_8)","decl":{"start":{"line":10,"column":37},"end":{"line":10,"column":46}},"loc":{"start":{"line":10,"column":48},"end":{"line":18,"column":2}}},"1":{"name":"(anonymous_9)","decl":{"start":{"line":10,"column":48},"end":{"line":10,"column":null}},"loc":{"start":{"line":10,"column":48},"end":{"line":18,"column":1}}},"2":{"name":"(anonymous_10)","decl":{"start":{"line":23,"column":37},"end":{"line":23,"column":46}},"loc":{"start":{"line":23,"column":48},"end":{"line":30,"column":2}}},"3":{"name":"(anonymous_11)","decl":{"start":{"line":23,"column":48},"end":{"line":23,"column":null}},"loc":{"start":{"line":23,"column":48},"end":{"line":30,"column":1}}}},"branchMap":{},"s":{"0":1,"1":1,"2":1,"3":1,"4":1,"5":1,"6":1,"7":1,"8":1,"9":1,"10":1,"11":1},"f":{"0":1,"1":1,"2":1,"3":1},"b":{}}
,"/Users/gabrielfranco/personal/nano-auth/src/models/api-key-token.ts": {"path":"/Users/gabrielfranco/personal/nano-auth/src/models/api-key-token.ts","statementMap":{"0":{"start":{"line":1,"column":0},"end":{"line":1,"column":64}},"1":{"start":{"line":2,"column":0},"end":{"line":2,"column":74}},"2":{"start":{"line":4,"column":13},"end":{"line":4,"column":35}},"3":{"start":{"line":9,"column":0},"end":{"line":33,"column":null}},"4":{"start":{"line":12,"column":2},"end":{"line":12,"column":null}},"5":{"start":{"line":16,"column":2},"end":{"line":16,"column":null}},"6":{"start":{"line":20,"column":2},"end":{"line":20,"column":null}},"7":{"start":{"line":24,"column":2},"end":{"line":24,"column":null}},"8":{"start":{"line":28,"column":2},"end":{"line":28,"column":null}},"9":{"start":{"line":32,"column":2},"end":{"line":32,"column":null}},"10":{"start":{"line":9,"column":13},"end":{"line":33,"column":null}},"11":{"start":{"line":9,"column":13},"end":{"line":9,"column":24}}},"fnMap":{},"branchMap":{},"s":{"0":46,"1":46,"2":46,"3":46,"4":46,"5":46,"6":46,"7":46,"8":46,"9":46,"10":46,"11":46},"f":{},"b":{}}
,"/Users/gabrielfranco/personal/nano-auth/src/models/api-key.ts": {"path":"/Users/gabrielfranco/personal/nano-auth/src/models/api-key.ts","statementMap":{"0":{"start":{"line":1,"column":0},"end":{"line":1,"column":56}},"1":{"start":{"line":2,"column":0},"end":{"line":2,"column":40}},"2":{"start":{"line":3,"column":0},"end":{"line":3,"column":64}},"3":{"start":{"line":5,"column":13},"end":{"line":5,"column":28}},"4":{"start":{"line":6,"column":13},"end":{"line":6,"column":33}},"5":{"start":{"line":8,"column":0},"end":{"line":8,"column":null}},"6":{"start":{"line":9,"column":2},"end":{"line":9,"column":null}},"7":{"start":{"line":10,"column":2},"end":{"line":10,"column":null}},"8":{"start":{"line":17,"column":13},"end":{"line":20,"column":2}},"9":{"start":{"line":25,"column":0},"end":{"line":54,"column":null}},"10":{"start":{"line":28,"column":2},"end":{"line":28,"column":null}},"11":{"start":{"line":32,"column":2},"end":{"line":32,"column":null}},"12":{"start":{"line":36,"column":2},"end":{"line":36,"column":null}},"13":{"start":{"line":40,"column":2},"end":{"line":40,"column":null}},"14":{"start":{"line":44,"column":2},"end":{"line":44,"column":null}},"15":{"start":{"line":53,"column":2},"end":{"line":53,"column":null}},"16":{"start":{"line":25,"column":13},"end":{"line":54,"column":null}},"17":{"start":{"line":25,"column":13},"end":{"line":25,"column":19}}},"fnMap":{"0":{"name":"(anonymous_2)","decl":{"start":{"line":8,"column":0},"end":{"line":8,"column":12}},"loc":{"start":{"line":8,"column":24},"end":{"line":11,"column":1}}}},"branchMap":{"0":{"loc":{"start":{"line":8,"column":12},"end":{"line":8,"column":24}},"type":"binary-expr","locations":[{"start":{"line":8,"column":12},"end":{"line":8,"column":24}},{"start":{"line":8,"column":12},"end":{"line":8,"column":null}}]}},"s":{"0":46,"1":46,"2":46,"3":46,"4":46,"5":46,"6":46,"7":46,"8":46,"9":46,"10":46,"11":46,"12":46,"13":46,"14":46,"15":46,"16":46,"17":46},"f":{"0":46},"b":{"0":[46,46]}}
,"/Users/gabrielfranco/personal/nano-auth/src/models/business.ts": {"path":"/Users/gabrielfranco/personal/nano-auth/src/models/business.ts","statementMap":{"0":{"start":{"line":1,"column":0},"end":{"line":1,"column":56}},"1":{"start":{"line":2,"column":0},"end":{"line":2,"column":64}},"2":{"start":{"line":4,"column":0},"end":{"line":4,"column":null}},"3":{"start":{"line":5,"column":2},"end":{"line":5,"column":null}},"4":{"start":{"line":6,"column":2},"end":{"line":6,"column":null}},"5":{"start":{"line":9,"column":13},"end":{"line":9,"column":35}},"6":{"start":{"line":17,"column":0},"end":{"line":70,"column":null}},"7":{"start":{"line":20,"column":2},"end":{"line":20,"column":null}},"8":{"start":{"line":24,"column":2},"end":{"line":24,"column":null}},"9":{"start":{"line":33,"column":2},"end":{"line":33,"column":null}},"10":{"start":{"line":37,"column":2},"end":{"line":37,"column":null}},"11":{"start":{"line":41,"column":2},"end":{"line":41,"column":null}},"12":{"start":{"line":45,"column":2},"end":{"line":45,"column":null}},"13":{"start":{"line":49,"column":2},"end":{"line":49,"column":null}},"14":{"start":{"line":53,"column":2},"end":{"line":53,"column":null}},"15":{"start":{"line":62,"column":2},"end":{"line":62,"column":null}},"16":{"start":{"line":69,"column":2},"end":{"line":69,"column":null}},"17":{"start":{"line":17,"column":13},"end":{"line":70,"column":null}},"18":{"start":{"line":17,"column":13},"end":{"line":17,"column":21}}},"fnMap":{"0":{"name":"(anonymous_2)","decl":{"start":{"line":4,"column":0},"end":{"line":4,"column":12}},"loc":{"start":{"line":4,"column":21},"end":{"line":7,"column":1}}}},"branchMap":{"0":{"loc":{"start":{"line":4,"column":12},"end":{"line":4,"column":21}},"type":"binary-expr","locations":[{"start":{"line":4,"column":12},"end":{"line":4,"column":21}},{"start":{"line":4,"column":12},"end":{"line":4,"column":null}}]}},"s":{"0":46,"1":46,"2":46,"3":46,"4":46,"5":46,"6":46,"7":46,"8":46,"9":46,"10":46,"11":46,"12":46,"13":46,"14":46,"15":46,"16":46,"17":46,"18":46},"f":{"0":46},"b":{"0":[46,46]}}
,"/Users/gabrielfranco/personal/nano-auth/src/models/contexto.ts": {"path":"/Users/gabrielfranco/personal/nano-auth/src/models/contexto.ts","statementMap":{"0":{"start":{"line":1,"column":0},"end":{"line":1,"column":48}},"1":{"start":{"line":2,"column":0},"end":{"line":2,"column":64}},"2":{"start":{"line":7,"column":0},"end":{"line":15,"column":null}},"3":{"start":{"line":10,"column":2},"end":{"line":10,"column":null}},"4":{"start":{"line":14,"column":2},"end":{"line":14,"column":null}},"5":{"start":{"line":7,"column":13},"end":{"line":15,"column":null}},"6":{"start":{"line":7,"column":13},"end":{"line":7,"column":21}}},"fnMap":{},"branchMap":{},"s":{"0":46,"1":46,"2":46,"3":46,"4":46,"5":46,"6":46},"f":{},"b":{}}
,"/Users/gabrielfranco/personal/nano-auth/src/models/grupo-permissao.ts": {"path":"/Users/gabrielfranco/personal/nano-auth/src/models/grupo-permissao.ts","statementMap":{"0":{"start":{"line":1,"column":0},"end":{"line":1,"column":64}},"1":{"start":{"line":2,"column":0},"end":{"line":2,"column":48}},"2":{"start":{"line":3,"column":0},"end":{"line":3,"column":38}},"3":{"start":{"line":8,"column":0},"end":{"line":16,"column":null}},"4":{"start":{"line":11,"column":2},"end":{"line":11,"column":null}},"5":{"start":{"line":15,"column":2},"end":{"line":15,"column":null}},"6":{"start":{"line":8,"column":13},"end":{"line":16,"column":null}},"7":{"start":{"line":8,"column":13},"end":{"line":8,"column":27}}},"fnMap":{},"branchMap":{},"s":{"0":46,"1":46,"2":46,"3":46,"4":46,"5":46,"6":46,"7":46},"f":{},"b":{}}
,"/Users/gabrielfranco/personal/nano-auth/src/models/grupo-usuario.ts": {"path":"/Users/gabrielfranco/personal/nano-auth/src/models/grupo-usuario.ts","statementMap":{"0":{"start":{"line":1,"column":0},"end":{"line":1,"column":64}},"1":{"start":{"line":2,"column":0},"end":{"line":2,"column":48}},"2":{"start":{"line":7,"column":0},"end":{"line":15,"column":null}},"3":{"start":{"line":10,"column":2},"end":{"line":10,"column":null}},"4":{"start":{"line":14,"column":2},"end":{"line":14,"column":null}},"5":{"start":{"line":7,"column":13},"end":{"line":15,"column":null}},"6":{"start":{"line":7,"column":13},"end":{"line":7,"column":25}}},"fnMap":{},"branchMap":{},"s":{"0":46,"1":46,"2":46,"3":46,"4":46,"5":46,"6":46},"f":{},"b":{}}
,"/Users/gabrielfranco/personal/nano-auth/src/models/grupo.ts": {"path":"/Users/gabrielfranco/personal/nano-auth/src/models/grupo.ts","statementMap":{"0":{"start":{"line":1,"column":0},"end":{"line":1,"column":64}},"1":{"start":{"line":2,"column":0},"end":{"line":2,"column":56}},"2":{"start":{"line":4,"column":0},"end":{"line":4,"column":null}},"3":{"start":{"line":5,"column":2},"end":{"line":5,"column":null}},"4":{"start":{"line":6,"column":2},"end":{"line":6,"column":null}},"5":{"start":{"line":7,"column":2},"end":{"line":7,"column":null}},"6":{"start":{"line":8,"column":2},"end":{"line":8,"column":null}},"7":{"start":{"line":14,"column":0},"end":{"line":22,"column":null}},"8":{"start":{"line":17,"column":2},"end":{"line":17,"column":null}},"9":{"start":{"line":21,"column":2},"end":{"line":21,"column":null}},"10":{"start":{"line":14,"column":13},"end":{"line":22,"column":null}},"11":{"start":{"line":14,"column":13},"end":{"line":14,"column":18}}},"fnMap":{"0":{"name":"(anonymous_2)","decl":{"start":{"line":4,"column":0},"end":{"line":4,"column":12}},"loc":{"start":{"line":4,"column":23},"end":{"line":9,"column":1}}}},"branchMap":{"0":{"loc":{"start":{"line":4,"column":12},"end":{"line":4,"column":23}},"type":"binary-expr","locations":[{"start":{"line":4,"column":12},"end":{"line":4,"column":23}},{"start":{"line":4,"column":12},"end":{"line":4,"column":null}}]}},"s":{"0":46,"1":46,"2":46,"3":46,"4":46,"5":46,"6":46,"7":46,"8":46,"9":46,"10":46,"11":46},"f":{"0":46},"b":{"0":[46,46]}}
,"/Users/gabrielfranco/personal/nano-auth/src/models/index.ts": {"path":"/Users/gabrielfranco/personal/nano-auth/src/models/index.ts","statementMap":{"0":{"start":{"line":1,"column":0},"end":{"line":1,"column":74}},"1":{"start":{"line":3,"column":0},"end":{"line":3,"column":46}},"2":{"start":{"line":4,"column":0},"end":{"line":4,"column":35}},"3":{"start":{"line":5,"column":0},"end":{"line":5,"column":38}},"4":{"start":{"line":6,"column":0},"end":{"line":6,"column":38}},"5":{"start":{"line":7,"column":0},"end":{"line":7,"column":45}},"6":{"start":{"line":8,"column":0},"end":{"line":8,"column":36}},"7":{"start":{"line":9,"column":0},"end":{"line":9,"column":32}},"8":{"start":{"line":10,"column":0},"end":{"line":10,"column":40}},"9":{"start":{"line":11,"column":0},"end":{"line":11,"column":51}},"10":{"start":{"line":12,"column":0},"end":{"line":12,"column":47}},"11":{"start":{"line":14,"column":0},"end":{"line":14,"column":32}},"12":{"start":{"line":15,"column":0},"end":{"line":15,"column":26}},"13":{"start":{"line":16,"column":0},"end":{"line":16,"column":27}},"14":{"start":{"line":17,"column":0},"end":{"line":17,"column":34}},"15":{"start":{"line":18,"column":0},"end":{"line":18,"column":32}},"16":{"start":{"line":19,"column":0},"end":{"line":19,"column":24}},"17":{"start":{"line":20,"column":0},"end":{"line":20,"column":27}},"18":{"start":{"line":21,"column":0},"end":{"line":21,"column":28}},"19":{"start":{"line":22,"column":0},"end":{"line":22,"column":31}},"20":{"start":{"line":23,"column":0},"end":{"line":23,"column":26}},"21":{"start":{"line":36,"column":23},"end":{"line":68,"column":2}},"22":{"start":{"line":36,"column":60},"end":{"line":68,"column":2}},"23":{"start":{"line":37,"column":13},"end":{"line":53,"column":null}},"24":{"start":{"line":56,"column":2},"end":{"line":56,"column":48}},"25":{"start":{"line":57,"column":2},"end":{"line":57,"column":50}},"26":{"start":{"line":58,"column":2},"end":{"line":58,"column":50}},"27":{"start":{"line":59,"column":2},"end":{"line":59,"column":46}},"28":{"start":{"line":60,"column":2},"end":{"line":60,"column":56}},"29":{"start":{"line":61,"column":2},"end":{"line":61,"column":56}},"30":{"start":{"line":62,"column":2},"end":{"line":62,"column":44}},"31":{"start":{"line":63,"column":2},"end":{"line":63,"column":52}},"32":{"start":{"line":64,"column":2},"end":{"line":64,"column":62}},"33":{"start":{"line":65,"column":2},"end":{"line":65,"column":58}},"34":{"start":{"line":67,"column":2},"end":{"line":67,"column":12}},"35":{"start":{"line":36,"column":13},"end":{"line":36,"column":23}}},"fnMap":{"0":{"name":"(anonymous_11)","decl":{"start":{"line":36,"column":23},"end":{"line":36,"column":30}},"loc":{"start":{"line":36,"column":60},"end":{"line":68,"column":2}}},"1":{"name":"(anonymous_12)","decl":{"start":{"line":36,"column":60},"end":{"line":36,"column":null}},"loc":{"start":{"line":36,"column":60},"end":{"line":68,"column":1}}}},"branchMap":{},"s":{"0":46,"1":46,"2":46,"3":46,"4":46,"5":46,"6":46,"7":46,"8":46,"9":46,"10":46,"11":46,"12":46,"13":46,"14":46,"15":46,"16":46,"17":46,"18":46,"19":46,"20":46,"21":46,"22":46,"23":46,"24":46,"25":46,"26":46,"27":46,"28":46,"29":46,"30":46,"31":46,"32":46,"33":46,"34":46,"35":46},"f":{"0":46,"1":46},"b":{}}
,"/Users/gabrielfranco/personal/nano-auth/src/models/permissao.ts": {"path":"/Users/gabrielfranco/personal/nano-auth/src/models/permissao.ts","statementMap":{"0":{"start":{"line":1,"column":0},"end":{"line":1,"column":54}},"1":{"start":{"line":2,"column":0},"end":{"line":2,"column":56}},"2":{"start":{"line":4,"column":0},"end":{"line":4,"column":null}},"3":{"start":{"line":5,"column":2},"end":{"line":5,"column":null}},"4":{"start":{"line":6,"column":2},"end":{"line":6,"column":null}},"5":{"start":{"line":7,"column":2},"end":{"line":7,"column":null}},"6":{"start":{"line":8,"column":2},"end":{"line":8,"column":null}},"7":{"start":{"line":9,"column":2},"end":{"line":9,"column":null}},"8":{"start":{"line":10,"column":2},"end":{"line":10,"column":null}},"9":{"start":{"line":11,"column":2},"end":{"line":11,"column":null}},"10":{"start":{"line":12,"column":2},"end":{"line":12,"column":null}},"11":{"start":{"line":13,"column":2},"end":{"line":13,"column":null}},"12":{"start":{"line":14,"column":2},"end":{"line":14,"column":null}},"13":{"start":{"line":15,"column":2},"end":{"line":15,"column":null}},"14":{"start":{"line":16,"column":2},"end":{"line":16,"column":null}},"15":{"start":{"line":17,"column":2},"end":{"line":17,"column":null}},"16":{"start":{"line":18,"column":2},"end":{"line":18,"column":null}},"17":{"start":{"line":19,"column":2},"end":{"line":19,"column":null}},"18":{"start":{"line":20,"column":2},"end":{"line":20,"column":null}},"19":{"start":{"line":21,"column":2},"end":{"line":21,"column":null}},"20":{"start":{"line":22,"column":2},"end":{"line":22,"column":null}},"21":{"start":{"line":23,"column":2},"end":{"line":23,"column":null}},"22":{"start":{"line":29,"column":0},"end":{"line":35,"column":null}},"23":{"start":{"line":31,"column":2},"end":{"line":31,"column":null}},"24":{"start":{"line":34,"column":2},"end":{"line":34,"column":null}},"25":{"start":{"line":29,"column":13},"end":{"line":35,"column":null}},"26":{"start":{"line":29,"column":13},"end":{"line":29,"column":22}}},"fnMap":{"0":{"name":"(anonymous_2)","decl":{"start":{"line":4,"column":0},"end":{"line":4,"column":12}},"loc":{"start":{"line":4,"column":26},"end":{"line":24,"column":1}}}},"branchMap":{"0":{"loc":{"start":{"line":4,"column":12},"end":{"line":4,"column":26}},"type":"binary-expr","locations":[{"start":{"line":4,"column":12},"end":{"line":4,"column":26}},{"start":{"line":4,"column":12},"end":{"line":4,"column":null}}]}},"s":{"0":46,"1":46,"2":46,"3":46,"4":46,"5":46,"6":46,"7":46,"8":46,"9":46,"10":46,"11":46,"12":46,"13":46,"14":46,"15":46,"16":46,"17":46,"18":46,"19":46,"20":46,"21":46,"22":46,"23":46,"24":46,"25":46,"26":46},"f":{"0":46},"b":{"0":[46,46]}}
,"/Users/gabrielfranco/personal/nano-auth/src/models/user-session.ts": {"path":"/Users/gabrielfranco/personal/nano-auth/src/models/user-session.ts","statementMap":{"0":{"start":{"line":1,"column":0},"end":{"line":1,"column":64}},"1":{"start":{"line":2,"column":0},"end":{"line":2,"column":74}},"2":{"start":{"line":4,"column":13},"end":{"line":4,"column":33}},"3":{"start":{"line":6,"column":0},"end":{"line":6,"column":null}},"4":{"start":{"line":7,"column":2},"end":{"line":7,"column":null}},"5":{"start":{"line":8,"column":2},"end":{"line":8,"column":null}},"6":{"start":{"line":9,"column":2},"end":{"line":9,"column":null}},"7":{"start":{"line":15,"column":0},"end":{"line":48,"column":null}},"8":{"start":{"line":18,"column":2},"end":{"line":18,"column":null}},"9":{"start":{"line":22,"column":2},"end":{"line":22,"column":null}},"10":{"start":{"line":26,"column":2},"end":{"line":26,"column":null}},"11":{"start":{"line":30,"column":2},"end":{"line":30,"column":null}},"12":{"start":{"line":39,"column":2},"end":{"line":39,"column":null}},"13":{"start":{"line":43,"column":2},"end":{"line":43,"column":null}},"14":{"start":{"line":47,"column":2},"end":{"line":47,"column":null}},"15":{"start":{"line":15,"column":13},"end":{"line":48,"column":null}},"16":{"start":{"line":15,"column":13},"end":{"line":15,"column":24}}},"fnMap":{"0":{"name":"(anonymous_2)","decl":{"start":{"line":6,"column":0},"end":{"line":6,"column":12}},"loc":{"start":{"line":6,"column":29},"end":{"line":10,"column":1}}}},"branchMap":{"0":{"loc":{"start":{"line":6,"column":12},"end":{"line":6,"column":29}},"type":"binary-expr","locations":[{"start":{"line":6,"column":12},"end":{"line":6,"column":29}},{"start":{"line":6,"column":12},"end":{"line":6,"column":null}}]}},"s":{"0":46,"1":46,"2":46,"3":46,"4":46,"5":46,"6":46,"7":46,"8":46,"9":46,"10":46,"11":46,"12":46,"13":46,"14":46,"15":46,"16":46},"f":{"0":46},"b":{"0":[46,46]}}
,"/Users/gabrielfranco/personal/nano-auth/src/models/usuario.ts": {"path":"/Users/gabrielfranco/personal/nano-auth/src/models/usuario.ts","statementMap":{"0":{"start":{"line":1,"column":0},"end":{"line":1,"column":56}},"1":{"start":{"line":2,"column":0},"end":{"line":2,"column":64}},"2":{"start":{"line":4,"column":13},"end":{"line":4,"column":34}},"3":{"start":{"line":6,"column":0},"end":{"line":6,"column":null}},"4":{"start":{"line":7,"column":2},"end":{"line":7,"column":null}},"5":{"start":{"line":8,"column":2},"end":{"line":8,"column":null}},"6":{"start":{"line":9,"column":2},"end":{"line":9,"column":null}},"7":{"start":{"line":15,"column":0},"end":{"line":50,"column":null}},"8":{"start":{"line":18,"column":2},"end":{"line":18,"column":null}},"9":{"start":{"line":21,"column":2},"end":{"line":21,"column":null}},"10":{"start":{"line":25,"column":2},"end":{"line":25,"column":null}},"11":{"start":{"line":29,"column":2},"end":{"line":29,"column":null}},"12":{"start":{"line":33,"column":2},"end":{"line":33,"column":null}},"13":{"start":{"line":37,"column":2},"end":{"line":37,"column":null}},"14":{"start":{"line":46,"column":2},"end":{"line":46,"column":null}},"15":{"start":{"line":49,"column":2},"end":{"line":49,"column":null}},"16":{"start":{"line":15,"column":13},"end":{"line":50,"column":null}},"17":{"start":{"line":15,"column":13},"end":{"line":15,"column":20}}},"fnMap":{"0":{"name":"(anonymous_2)","decl":{"start":{"line":6,"column":0},"end":{"line":6,"column":12}},"loc":{"start":{"line":6,"column":25},"end":{"line":10,"column":1}}}},"branchMap":{"0":{"loc":{"start":{"line":6,"column":12},"end":{"line":6,"column":25}},"type":"binary-expr","locations":[{"start":{"line":6,"column":12},"end":{"line":6,"column":25}},{"start":{"line":6,"column":12},"end":{"line":6,"column":null}}]}},"s":{"0":46,"1":46,"2":46,"3":46,"4":46,"5":46,"6":46,"7":46,"8":46,"9":46,"10":46,"11":46,"12":46,"13":46,"14":46,"15":46,"16":46,"17":46},"f":{"0":46},"b":{"0":[46,46]}}
,"/Users/gabrielfranco/personal/nano-auth/src/routes/business/atualizar-business.ts": {"path":"/Users/gabrielfranco/personal/nano-auth/src/routes/business/atualizar-business.ts","statementMap":{"0":{"start":{"line":1,"column":0},"end":{"line":1,"column":null}},"1":{"start":{"line":9,"column":0},"end":{"line":9,"column":52}},"2":{"start":{"line":10,"column":0},"end":{"line":10,"column":41}},"3":{"start":{"line":11,"column":0},"end":{"line":11,"column":30}},"4":{"start":{"line":12,"column":0},"end":{"line":12,"column":50}},"5":{"start":{"line":14,"column":15},"end":{"line":14,"column":23}},"6":{"start":{"line":105,"column":19},"end":{"line":105,"column":42}},"7":{"start":{"line":16,"column":0},"end":{"line":103,"column":2}},"8":{"start":{"line":43,"column":38},"end":{"line":43,"column":64}},"9":{"start":{"line":53,"column":40},"end":{"line":102,"column":null}},"10":{"start":{"line":60,"column":8},"end":{"line":60,"column":16}},"11":{"start":{"line":62,"column":21},"end":{"line":62,"column":76}},"12":{"start":{"line":63,"column":4},"end":{"line":65,"column":null}},"13":{"start":{"line":64,"column":6},"end":{"line":64,"column":32}},"14":{"start":{"line":67,"column":4},"end":{"line":69,"column":null}},"15":{"start":{"line":68,"column":6},"end":{"line":68,"column":32}},"16":{"start":{"line":71,"column":4},"end":{"line":81,"column":null}},"17":{"start":{"line":72,"column":20},"end":{"line":74,"column":8}},"18":{"start":{"line":76,"column":6},"end":{"line":78,"column":null}},"19":{"start":{"line":77,"column":8},"end":{"line":77,"column":67}},"20":{"start":{"line":80,"column":6},"end":{"line":80,"column":29}},"21":{"start":{"line":83,"column":4},"end":{"line":85,"column":null}},"22":{"start":{"line":84,"column":6},"end":{"line":84,"column":31}},"23":{"start":{"line":87,"column":4},"end":{"line":89,"column":null}},"24":{"start":{"line":88,"column":6},"end":{"line":88,"column":37}},"25":{"start":{"line":91,"column":4},"end":{"line":93,"column":null}},"26":{"start":{"line":92,"column":6},"end":{"line":92,"column":41}},"27":{"start":{"line":95,"column":4},"end":{"line":97,"column":null}},"28":{"start":{"line":96,"column":6},"end":{"line":96,"column":47}},"29":{"start":{"line":99,"column":4},"end":{"line":99,"column":44}},"30":{"start":{"line":101,"column":4},"end":{"line":101,"column":27}}},"fnMap":{"0":{"name":"(anonymous_7)","decl":{"start":{"line":43,"column":23},"end":{"line":43,"column":24}},"loc":{"start":{"line":43,"column":38},"end":{"line":43,"column":64}}},"1":{"name":"(anonymous_8)","decl":{"start":{"line":53,"column":2},"end":{"line":53,"column":9}},"loc":{"start":{"line":53,"column":40},"end":{"line":102,"column":null}}},"2":{"name":"(anonymous_9)","decl":{"start":{"line":53,"column":40},"end":{"line":53,"column":null}},"loc":{"start":{"line":53,"column":40},"end":{"line":102,"column":3}}}},"branchMap":{"0":{"loc":{"start":{"line":63,"column":4},"end":{"line":65,"column":null}},"type":"if","locations":[{"start":{"line":63,"column":4},"end":{"line":65,"column":null}},{"start":{"line":63,"column":4},"end":{"line":65,"column":null}}]},"1":{"loc":{"start":{"line":67,"column":4},"end":{"line":69,"column":null}},"type":"if","locations":[{"start":{"line":67,"column":4},"end":{"line":69,"column":null}},{"start":{"line":67,"column":4},"end":{"line":69,"column":null}}]},"2":{"loc":{"start":{"line":71,"column":4},"end":{"line":81,"column":null}},"type":"if","locations":[{"start":{"line":71,"column":4},"end":{"line":81,"column":null}},{"start":{"line":71,"column":4},"end":{"line":81,"column":null}}]},"3":{"loc":{"start":{"line":76,"column":6},"end":{"line":78,"column":null}},"type":"if","locations":[{"start":{"line":76,"column":6},"end":{"line":78,"column":null}},{"start":{"line":76,"column":6},"end":{"line":78,"column":null}}]},"4":{"loc":{"start":{"line":83,"column":4},"end":{"line":85,"column":null}},"type":"if","locations":[{"start":{"line":83,"column":4},"end":{"line":85,"column":null}},{"start":{"line":83,"column":4},"end":{"line":85,"column":null}}]},"5":{"loc":{"start":{"line":87,"column":4},"end":{"line":89,"column":null}},"type":"if","locations":[{"start":{"line":87,"column":4},"end":{"line":89,"column":null}},{"start":{"line":87,"column":4},"end":{"line":89,"column":null}}]},"6":{"loc":{"start":{"line":91,"column":4},"end":{"line":93,"column":null}},"type":"if","locations":[{"start":{"line":91,"column":4},"end":{"line":93,"column":null}},{"start":{"line":91,"column":4},"end":{"line":93,"column":null}}]},"7":{"loc":{"start":{"line":95,"column":4},"end":{"line":97,"column":null}},"type":"if","locations":[{"start":{"line":95,"column":4},"end":{"line":97,"column":null}},{"start":{"line":95,"column":4},"end":{"line":97,"column":null}}]}},"s":{"0":46,"1":46,"2":46,"3":46,"4":46,"5":46,"6":46,"7":46,"8":1,"9":6,"10":6,"11":6,"12":6,"13":1,"14":5,"15":1,"16":4,"17":3,"18":3,"19":2,"20":1,"21":2,"22":1,"23":2,"24":1,"25":2,"26":1,"27":2,"28":1,"29":2,"30":2},"f":{"0":1,"1":6,"2":6},"b":{"0":[1,5],"1":[1,4],"2":[3,1],"3":[2,1],"4":[1,1],"5":[1,1],"6":[1,1],"7":[1,1]}}
,"/Users/gabrielfranco/personal/nano-auth/src/routes/business/criar-business.ts": {"path":"/Users/gabrielfranco/personal/nano-auth/src/routes/business/criar-business.ts","statementMap":{"0":{"start":{"line":1,"column":0},"end":{"line":1,"column":null}},"1":{"start":{"line":10,"column":0},"end":{"line":10,"column":52}},"2":{"start":{"line":11,"column":0},"end":{"line":11,"column":41}},"3":{"start":{"line":12,"column":0},"end":{"line":12,"column":32}},"4":{"start":{"line":13,"column":0},"end":{"line":13,"column":49}},"5":{"start":{"line":14,"column":0},"end":{"line":14,"column":null}},"6":{"start":{"line":25,"column":0},"end":{"line":25,"column":null}},"7":{"start":{"line":32,"column":15},"end":{"line":32,"column":23}},"8":{"start":{"line":203,"column":19},"end":{"line":203,"column":38}},"9":{"start":{"line":34,"column":0},"end":{"line":118,"column":2}},"10":{"start":{"line":85,"column":38},"end":{"line":85,"column":64}},"11":{"start":{"line":88,"column":40},"end":{"line":117,"column":null}},"12":{"start":{"line":89,"column":22},"end":{"line":89,"column":45}},"13":{"start":{"line":90,"column":18},"end":{"line":90,"column":41}},"14":{"start":{"line":92,"column":20},"end":{"line":92,"column":61}},"15":{"start":{"line":93,"column":21},"end":{"line":93,"column":56}},"16":{"start":{"line":95,"column":4},"end":{"line":103,"column":7}},"17":{"start":{"line":95,"column":37},"end":{"line":103,"column":6}},"18":{"start":{"line":96,"column":26},"end":{"line":96,"column":51}},"19":{"start":{"line":97,"column":27},"end":{"line":97,"column":53}},"20":{"start":{"line":98,"column":27},"end":{"line":98,"column":53}},"21":{"start":{"line":100,"column":6},"end":{"line":100,"column":38}},"22":{"start":{"line":101,"column":6},"end":{"line":101,"column":40}},"23":{"start":{"line":102,"column":6},"end":{"line":102,"column":68}},"24":{"start":{"line":105,"column":4},"end":{"line":114,"column":null}},"25":{"start":{"line":106,"column":6},"end":{"line":111,"column":9}},"26":{"start":{"line":113,"column":6},"end":{"line":113,"column":25}},"27":{"start":{"line":116,"column":4},"end":{"line":116,"column":39}},"28":{"start":{"line":120,"column":21},"end":{"line":145,"column":2}},"29":{"start":{"line":124,"column":22},"end":{"line":145,"column":2}},"30":{"start":{"line":125,"column":50},"end":{"line":125,"column":58}},"31":{"start":{"line":127,"column":18},"end":{"line":129,"column":4}},"32":{"start":{"line":131,"column":2},"end":{"line":133,"column":null}},"33":{"start":{"line":132,"column":4},"end":{"line":132,"column":53}},"34":{"start":{"line":135,"column":2},"end":{"line":144,"column":4}},"35":{"start":{"line":147,"column":22},"end":{"line":201,"column":2}},"36":{"start":{"line":150,"column":23},"end":{"line":201,"column":2}},"37":{"start":{"line":158,"column":6},"end":{"line":158,"column":14}},"38":{"start":{"line":160,"column":28},"end":{"line":162,"column":4}},"39":{"start":{"line":164,"column":2},"end":{"line":166,"column":null}},"40":{"start":{"line":165,"column":4},"end":{"line":165,"column":63}},"41":{"start":{"line":168,"column":19},"end":{"line":168,"column":33}},"42":{"start":{"line":169,"column":13},"end":{"line":169,"column":37}},"43":{"start":{"line":171,"column":2},"end":{"line":182,"column":5}},"44":{"start":{"line":184,"column":2},"end":{"line":198,"column":null}},"45":{"start":{"line":185,"column":4},"end":{"line":189,"column":null}},"46":{"start":{"line":186,"column":6},"end":{"line":188,"column":8}},"47":{"start":{"line":190,"column":19},"end":{"line":190,"column":34}},"48":{"start":{"line":191,"column":25},"end":{"line":193,"column":6}},"49":{"start":{"line":194,"column":4},"end":{"line":196,"column":null}},"50":{"start":{"line":195,"column":6},"end":{"line":195,"column":73}},"51":{"start":{"line":197,"column":4},"end":{"line":197,"column":53}},"52":{"start":{"line":200,"column":2},"end":{"line":200,"column":18}}},"fnMap":{"0":{"name":"(anonymous_7)","decl":{"start":{"line":85,"column":23},"end":{"line":85,"column":24}},"loc":{"start":{"line":85,"column":38},"end":{"line":85,"column":64}}},"1":{"name":"(anonymous_8)","decl":{"start":{"line":88,"column":2},"end":{"line":88,"column":9}},"loc":{"start":{"line":88,"column":40},"end":{"line":117,"column":null}}},"2":{"name":"(anonymous_9)","decl":{"start":{"line":88,"column":40},"end":{"line":88,"column":null}},"loc":{"start":{"line":88,"column":40},"end":{"line":117,"column":3}}},"3":{"name":"(anonymous_10)","decl":{"start":{"line":95,"column":24},"end":{"line":95,"column":31}},"loc":{"start":{"line":95,"column":37},"end":{"line":103,"column":6}}},"4":{"name":"(anonymous_11)","decl":{"start":{"line":95,"column":37},"end":{"line":95,"column":null}},"loc":{"start":{"line":95,"column":37},"end":{"line":103,"column":5}}},"5":{"name":"(anonymous_12)","decl":{"start":{"line":120,"column":21},"end":{"line":120,"column":null}},"loc":{"start":{"line":124,"column":22},"end":{"line":145,"column":2}}},"6":{"name":"(anonymous_13)","decl":{"start":{"line":124,"column":22},"end":{"line":124,"column":null}},"loc":{"start":{"line":124,"column":22},"end":{"line":145,"column":1}}},"7":{"name":"(anonymous_14)","decl":{"start":{"line":147,"column":22},"end":{"line":147,"column":null}},"loc":{"start":{"line":150,"column":23},"end":{"line":201,"column":2}}},"8":{"name":"(anonymous_15)","decl":{"start":{"line":150,"column":23},"end":{"line":150,"column":null}},"loc":{"start":{"line":150,"column":23},"end":{"line":201,"column":1}}}},"branchMap":{"0":{"loc":{"start":{"line":131,"column":2},"end":{"line":133,"column":null}},"type":"if","locations":[{"start":{"line":131,"column":2},"end":{"line":133,"column":null}},{"start":{"line":131,"column":2},"end":{"line":133,"column":null}}]},"1":{"loc":{"start":{"line":164,"column":2},"end":{"line":166,"column":null}},"type":"if","locations":[{"start":{"line":164,"column":2},"end":{"line":166,"column":null}},{"start":{"line":164,"column":2},"end":{"line":166,"column":null}}]},"2":{"loc":{"start":{"line":179,"column":13},"end":{"line":179,"column":28}},"type":"binary-expr","locations":[{"start":{"line":179,"column":13},"end":{"line":179,"column":28}},{"start":{"line":179,"column":32},"end":{"line":179,"column":36}}]},"3":{"loc":{"start":{"line":180,"column":16},"end":{"line":180,"column":34}},"type":"binary-expr","locations":[{"start":{"line":180,"column":16},"end":{"line":180,"column":34}},{"start":{"line":180,"column":38},"end":{"line":180,"column":42}}]},"4":{"loc":{"start":{"line":184,"column":2},"end":{"line":198,"column":null}},"type":"if","locations":[{"start":{"line":184,"column":2},"end":{"line":198,"column":null}},{"start":{"line":184,"column":2},"end":{"line":198,"column":null}}]},"5":{"loc":{"start":{"line":185,"column":4},"end":{"line":189,"column":null}},"type":"if","locations":[{"start":{"line":185,"column":4},"end":{"line":189,"column":null}},{"start":{"line":185,"column":4},"end":{"line":189,"column":null}}]},"6":{"loc":{"start":{"line":194,"column":4},"end":{"line":196,"column":null}},"type":"if","locations":[{"start":{"line":194,"column":4},"end":{"line":196,"column":null}},{"start":{"line":194,"column":4},"end":{"line":196,"column":null}}]}},"s":{"0":46,"1":46,"2":46,"3":46,"4":46,"5":46,"6":46,"7":46,"8":46,"9":46,"10":0,"11":3,"12":3,"13":3,"14":3,"15":2,"16":1,"17":1,"18":1,"19":1,"20":1,"21":1,"22":1,"23":1,"24":1,"25":1,"26":0,"27":1,"28":46,"29":3,"30":3,"31":3,"32":3,"33":1,"34":2,"35":46,"36":2,"37":2,"38":2,"39":2,"40":1,"41":1,"42":1,"43":1,"44":1,"45":0,"46":0,"47":0,"48":0,"49":0,"50":0,"51":0,"52":1},"f":{"0":0,"1":3,"2":3,"3":1,"4":1,"5":3,"6":3,"7":2,"8":2},"b":{"0":[1,2],"1":[1,1],"2":[1,1],"3":[1,1],"4":[0,1],"5":[0,0],"6":[0,0]}}
,"/Users/gabrielfranco/personal/nano-auth/src/routes/business/exibir-business.ts": {"path":"/Users/gabrielfranco/personal/nano-auth/src/routes/business/exibir-business.ts","statementMap":{"0":{"start":{"line":1,"column":0},"end":{"line":1,"column":77}},"1":{"start":{"line":2,"column":0},"end":{"line":2,"column":52}},"2":{"start":{"line":3,"column":0},"end":{"line":3,"column":66}},"3":{"start":{"line":5,"column":15},"end":{"line":5,"column":23}},"4":{"start":{"line":26,"column":19},"end":{"line":26,"column":39}},"5":{"start":{"line":7,"column":0},"end":{"line":24,"column":2}},"6":{"start":{"line":10,"column":40},"end":{"line":23,"column":null}},"7":{"start":{"line":11,"column":21},"end":{"line":11,"column":76}},"8":{"start":{"line":12,"column":4},"end":{"line":14,"column":null}},"9":{"start":{"line":13,"column":6},"end":{"line":13,"column":32}},"10":{"start":{"line":16,"column":4},"end":{"line":20,"column":null}},"11":{"start":{"line":17,"column":6},"end":{"line":19,"column":null}},"12":{"start":{"line":18,"column":8},"end":{"line":18,"column":34}},"13":{"start":{"line":22,"column":4},"end":{"line":22,"column":36}}},"fnMap":{"0":{"name":"(anonymous_7)","decl":{"start":{"line":10,"column":2},"end":{"line":10,"column":9}},"loc":{"start":{"line":10,"column":40},"end":{"line":23,"column":null}}},"1":{"name":"(anonymous_8)","decl":{"start":{"line":10,"column":40},"end":{"line":10,"column":null}},"loc":{"start":{"line":10,"column":40},"end":{"line":23,"column":3}}}},"branchMap":{"0":{"loc":{"start":{"line":12,"column":4},"end":{"line":14,"column":null}},"type":"if","locations":[{"start":{"line":12,"column":4},"end":{"line":14,"column":null}},{"start":{"line":12,"column":4},"end":{"line":14,"column":null}}]},"1":{"loc":{"start":{"line":16,"column":4},"end":{"line":20,"column":null}},"type":"if","locations":[{"start":{"line":16,"column":4},"end":{"line":20,"column":null}},{"start":{"line":16,"column":4},"end":{"line":20,"column":null}}]},"2":{"loc":{"start":{"line":17,"column":6},"end":{"line":19,"column":null}},"type":"if","locations":[{"start":{"line":17,"column":6},"end":{"line":19,"column":null}},{"start":{"line":17,"column":6},"end":{"line":19,"column":null}}]}},"s":{"0":46,"1":46,"2":46,"3":46,"4":46,"5":46,"6":2,"7":2,"8":2,"9":1,"10":1,"11":1,"12":0,"13":1},"f":{"0":2,"1":2},"b":{"0":[1,1],"1":[1,0],"2":[0,1]}}
,"/Users/gabrielfranco/personal/nano-auth/src/routes/business/index.ts": {"path":"/Users/gabrielfranco/personal/nano-auth/src/routes/business/index.ts","statementMap":{"0":{"start":{"line":1,"column":0},"end":{"line":1,"column":37}},"1":{"start":{"line":2,"column":0},"end":{"line":2,"column":33}},"2":{"start":{"line":3,"column":0},"end":{"line":3,"column":35}},"3":{"start":{"line":4,"column":0},"end":{"line":4,"column":34}},"4":{"start":{"line":5,"column":0},"end":{"line":5,"column":34}}},"fnMap":{},"branchMap":{},"s":{"0":46,"1":46,"2":46,"3":46,"4":46},"f":{},"b":{}}
,"/Users/gabrielfranco/personal/nano-auth/src/routes/business/listar-business.ts": {"path":"/Users/gabrielfranco/personal/nano-auth/src/routes/business/listar-business.ts","statementMap":{"0":{"start":{"line":1,"column":0},"end":{"line":1,"column":73}},"1":{"start":{"line":2,"column":0},"end":{"line":2,"column":52}},"2":{"start":{"line":3,"column":0},"end":{"line":3,"column":76}},"3":{"start":{"line":5,"column":15},"end":{"line":5,"column":23}},"4":{"start":{"line":18,"column":19},"end":{"line":18,"column":39}},"5":{"start":{"line":7,"column":0},"end":{"line":16,"column":2}},"6":{"start":{"line":10,"column":40},"end":{"line":15,"column":null}},"7":{"start":{"line":11,"column":24},"end":{"line":11,"column":60}},"8":{"start":{"line":12,"column":23},"end":{"line":12,"column":68}},"9":{"start":{"line":14,"column":4},"end":{"line":14,"column":32}}},"fnMap":{"0":{"name":"(anonymous_7)","decl":{"start":{"line":10,"column":2},"end":{"line":10,"column":9}},"loc":{"start":{"line":10,"column":40},"end":{"line":15,"column":null}}},"1":{"name":"(anonymous_8)","decl":{"start":{"line":10,"column":40},"end":{"line":10,"column":null}},"loc":{"start":{"line":10,"column":40},"end":{"line":15,"column":3}}}},"branchMap":{},"s":{"0":46,"1":46,"2":46,"3":46,"4":46,"5":46,"6":1,"7":1,"8":1,"9":1},"f":{"0":1,"1":1},"b":{}}
,"/Users/gabrielfranco/personal/nano-auth/src/routes/business/upgrade-business.ts": {"path":"/Users/gabrielfranco/personal/nano-auth/src/routes/business/upgrade-business.ts","statementMap":{"0":{"start":{"line":1,"column":0},"end":{"line":1,"column":null}},"1":{"start":{"line":8,"column":0},"end":{"line":8,"column":52}},"2":{"start":{"line":9,"column":0},"end":{"line":9,"column":41}},"3":{"start":{"line":10,"column":0},"end":{"line":10,"column":50}},"4":{"start":{"line":11,"column":0},"end":{"line":11,"column":48}},"5":{"start":{"line":13,"column":15},"end":{"line":13,"column":23}},"6":{"start":{"line":58,"column":19},"end":{"line":58,"column":40}},"7":{"start":{"line":15,"column":0},"end":{"line":56,"column":2}},"8":{"start":{"line":43,"column":40},"end":{"line":55,"column":null}},"9":{"start":{"line":44,"column":18},"end":{"line":46,"column":6}},"10":{"start":{"line":48,"column":4},"end":{"line":50,"column":null}},"11":{"start":{"line":49,"column":6},"end":{"line":49,"column":76}},"12":{"start":{"line":52,"column":4},"end":{"line":52,"column":33}},"13":{"start":{"line":54,"column":4},"end":{"line":54,"column":27}}},"fnMap":{"0":{"name":"(anonymous_7)","decl":{"start":{"line":43,"column":2},"end":{"line":43,"column":9}},"loc":{"start":{"line":43,"column":40},"end":{"line":55,"column":null}}},"1":{"name":"(anonymous_8)","decl":{"start":{"line":43,"column":40},"end":{"line":43,"column":null}},"loc":{"start":{"line":43,"column":40},"end":{"line":55,"column":3}}}},"branchMap":{"0":{"loc":{"start":{"line":48,"column":4},"end":{"line":50,"column":null}},"type":"if","locations":[{"start":{"line":48,"column":4},"end":{"line":50,"column":null}},{"start":{"line":48,"column":4},"end":{"line":50,"column":null}}]}},"s":{"0":46,"1":46,"2":46,"3":46,"4":46,"5":46,"6":46,"7":46,"8":5,"9":5,"10":5,"11":1,"12":4,"13":2},"f":{"0":5,"1":5},"b":{"0":[1,4]}}
,"/Users/gabrielfranco/personal/nano-auth/src/routes/keys/index.ts": {"path":"/Users/gabrielfranco/personal/nano-auth/src/routes/keys/index.ts","statementMap":{"0":{"start":{"line":1,"column":0},"end":{"line":1,"column":30}}},"fnMap":{},"branchMap":{},"s":{"0":46},"f":{},"b":{}}
,"/Users/gabrielfranco/personal/nano-auth/src/routes/keys/listar-keys.ts": {"path":"/Users/gabrielfranco/personal/nano-auth/src/routes/keys/listar-keys.ts","statementMap":{"0":{"start":{"line":1,"column":0},"end":{"line":1,"column":52}},"1":{"start":{"line":2,"column":0},"end":{"line":2,"column":34}},"2":{"start":{"line":4,"column":15},"end":{"line":4,"column":23}},"3":{"start":{"line":10,"column":19},"end":{"line":10,"column":35}},"4":{"start":{"line":6,"column":0},"end":{"line":8,"column":3}},"5":{"start":{"line":6,"column":62},"end":{"line":8,"column":2}},"6":{"start":{"line":7,"column":2},"end":{"line":7,"column":16}}},"fnMap":{"0":{"name":"(anonymous_7)","decl":{"start":{"line":6,"column":24},"end":{"line":6,"column":31}},"loc":{"start":{"line":6,"column":62},"end":{"line":8,"column":2}}},"1":{"name":"(anonymous_8)","decl":{"start":{"line":6,"column":62},"end":{"line":6,"column":null}},"loc":{"start":{"line":6,"column":62},"end":{"line":8,"column":1}}}},"branchMap":{},"s":{"0":46,"1":46,"2":46,"3":46,"4":46,"5":1,"6":1},"f":{"0":1,"1":1},"b":{}}
,"/Users/gabrielfranco/personal/nano-auth/src/routes/permissao/alterar-permissao.ts": {"path":"/Users/gabrielfranco/personal/nano-auth/src/routes/permissao/alterar-permissao.ts","statementMap":{"0":{"start":{"line":1,"column":0},"end":{"line":1,"column":52}},"1":{"start":{"line":2,"column":0},"end":{"line":2,"column":73}},"2":{"start":{"line":3,"column":0},"end":{"line":3,"column":null}},"3":{"start":{"line":10,"column":15},"end":{"line":10,"column":23}},"4":{"start":{"line":45,"column":19},"end":{"line":45,"column":44}},"5":{"start":{"line":12,"column":0},"end":{"line":43,"column":2}},"6":{"start":{"line":15,"column":40},"end":{"line":42,"column":null}},"7":{"start":{"line":16,"column":22},"end":{"line":16,"column":30}},"8":{"start":{"line":18,"column":4},"end":{"line":20,"column":null}},"9":{"start":{"line":19,"column":6},"end":{"line":19,"column":65}},"10":{"start":{"line":22,"column":20},"end":{"line":22,"column":73}},"11":{"start":{"line":23,"column":4},"end":{"line":25,"column":null}},"12":{"start":{"line":24,"column":6},"end":{"line":24,"column":58}},"13":{"start":{"line":27,"column":19},"end":{"line":27,"column":47}},"14":{"start":{"line":28,"column":23},"end":{"line":28,"column":59}},"15":{"start":{"line":28,"column":51},"end":{"line":28,"column":58}},"16":{"start":{"line":30,"column":4},"end":{"line":34,"column":null}},"17":{"start":{"line":31,"column":6},"end":{"line":33,"column":8}},"18":{"start":{"line":36,"column":4},"end":{"line":39,"column":7}},"19":{"start":{"line":41,"column":4},"end":{"line":41,"column":27}}},"fnMap":{"0":{"name":"(anonymous_7)","decl":{"start":{"line":15,"column":2},"end":{"line":15,"column":9}},"loc":{"start":{"line":15,"column":40},"end":{"line":42,"column":null}}},"1":{"name":"(anonymous_8)","decl":{"start":{"line":15,"column":40},"end":{"line":15,"column":null}},"loc":{"start":{"line":15,"column":40},"end":{"line":42,"column":3}}},"2":{"name":"(anonymous_9)","decl":{"start":{"line":28,"column":34},"end":{"line":28,"column":35}},"loc":{"start":{"line":28,"column":51},"end":{"line":28,"column":58}}}},"branchMap":{"0":{"loc":{"start":{"line":18,"column":4},"end":{"line":20,"column":null}},"type":"if","locations":[{"start":{"line":18,"column":4},"end":{"line":20,"column":null}},{"start":{"line":18,"column":4},"end":{"line":20,"column":null}}]},"1":{"loc":{"start":{"line":23,"column":4},"end":{"line":25,"column":null}},"type":"if","locations":[{"start":{"line":23,"column":4},"end":{"line":25,"column":null}},{"start":{"line":23,"column":4},"end":{"line":25,"column":null}}]},"2":{"loc":{"start":{"line":30,"column":4},"end":{"line":34,"column":null}},"type":"if","locations":[{"start":{"line":30,"column":4},"end":{"line":34,"column":null}},{"start":{"line":30,"column":4},"end":{"line":34,"column":null}}]}},"s":{"0":46,"1":46,"2":46,"3":46,"4":46,"5":46,"6":7,"7":7,"8":7,"9":2,"10":5,"11":5,"12":2,"13":3,"14":3,"15":9,"16":3,"17":2,"18":1,"19":1},"f":{"0":7,"1":7,"2":9},"b":{"0":[2,5],"1":[2,3],"2":[2,1]}}
,"/Users/gabrielfranco/personal/nano-auth/src/routes/permissao/deletar-permissao.ts": {"path":"/Users/gabrielfranco/personal/nano-auth/src/routes/permissao/deletar-permissao.ts","statementMap":{"0":{"start":{"line":1,"column":0},"end":{"line":1,"column":52}},"1":{"start":{"line":2,"column":0},"end":{"line":2,"column":73}},"2":{"start":{"line":3,"column":0},"end":{"line":3,"column":null}},"3":{"start":{"line":10,"column":15},"end":{"line":10,"column":23}},"4":{"start":{"line":45,"column":19},"end":{"line":45,"column":35}},"5":{"start":{"line":12,"column":0},"end":{"line":43,"column":2}},"6":{"start":{"line":15,"column":40},"end":{"line":42,"column":null}},"7":{"start":{"line":16,"column":22},"end":{"line":16,"column":30}},"8":{"start":{"line":18,"column":4},"end":{"line":20,"column":null}},"9":{"start":{"line":19,"column":6},"end":{"line":19,"column":65}},"10":{"start":{"line":22,"column":20},"end":{"line":22,"column":73}},"11":{"start":{"line":23,"column":4},"end":{"line":25,"column":null}},"12":{"start":{"line":24,"column":6},"end":{"line":24,"column":58}},"13":{"start":{"line":27,"column":19},"end":{"line":27,"column":47}},"14":{"start":{"line":28,"column":23},"end":{"line":28,"column":59}},"15":{"start":{"line":28,"column":51},"end":{"line":28,"column":58}},"16":{"start":{"line":30,"column":4},"end":{"line":34,"column":null}},"17":{"start":{"line":31,"column":6},"end":{"line":33,"column":8}},"18":{"start":{"line":36,"column":4},"end":{"line":39,"column":7}},"19":{"start":{"line":41,"column":4},"end":{"line":41,"column":27}}},"fnMap":{"0":{"name":"(anonymous_7)","decl":{"start":{"line":15,"column":2},"end":{"line":15,"column":9}},"loc":{"start":{"line":15,"column":40},"end":{"line":42,"column":null}}},"1":{"name":"(anonymous_8)","decl":{"start":{"line":15,"column":40},"end":{"line":15,"column":null}},"loc":{"start":{"line":15,"column":40},"end":{"line":42,"column":3}}},"2":{"name":"(anonymous_9)","decl":{"start":{"line":28,"column":34},"end":{"line":28,"column":35}},"loc":{"start":{"line":28,"column":51},"end":{"line":28,"column":58}}}},"branchMap":{"0":{"loc":{"start":{"line":18,"column":4},"end":{"line":20,"column":null}},"type":"if","locations":[{"start":{"line":18,"column":4},"end":{"line":20,"column":null}},{"start":{"line":18,"column":4},"end":{"line":20,"column":null}}]},"1":{"loc":{"start":{"line":23,"column":4},"end":{"line":25,"column":null}},"type":"if","locations":[{"start":{"line":23,"column":4},"end":{"line":25,"column":null}},{"start":{"line":23,"column":4},"end":{"line":25,"column":null}}]},"2":{"loc":{"start":{"line":30,"column":4},"end":{"line":34,"column":null}},"type":"if","locations":[{"start":{"line":30,"column":4},"end":{"line":34,"column":null}},{"start":{"line":30,"column":4},"end":{"line":34,"column":null}}]}},"s":{"0":46,"1":46,"2":46,"3":46,"4":46,"5":46,"6":1,"7":1,"8":1,"9":0,"10":1,"11":1,"12":0,"13":1,"14":1,"15":3,"16":1,"17":0,"18":1,"19":1},"f":{"0":1,"1":1,"2":3},"b":{"0":[0,1],"1":[0,1],"2":[0,1]}}
,"/Users/gabrielfranco/personal/nano-auth/src/routes/permissao/index.ts": {"path":"/Users/gabrielfranco/personal/nano-auth/src/routes/permissao/index.ts","statementMap":{"0":{"start":{"line":1,"column":0},"end":{"line":1,"column":36}},"1":{"start":{"line":2,"column":0},"end":{"line":2,"column":36}}},"fnMap":{},"branchMap":{},"s":{"0":46,"1":46},"f":{},"b":{}}
,"/Users/gabrielfranco/personal/nano-auth/src/routes/precadastro/criar-precadastro.ts": {"path":"/Users/gabrielfranco/personal/nano-auth/src/routes/precadastro/criar-precadastro.ts","statementMap":{"0":{"start":{"line":1,"column":0},"end":{"line":1,"column":52}},"1":{"start":{"line":2,"column":0},"end":{"line":2,"column":41}},"2":{"start":{"line":3,"column":0},"end":{"line":3,"column":32}},"3":{"start":{"line":4,"column":0},"end":{"line":4,"column":null}},"4":{"start":{"line":11,"column":0},"end":{"line":11,"column":null}},"5":{"start":{"line":18,"column":15},"end":{"line":18,"column":23}},"6":{"start":{"line":56,"column":19},"end":{"line":56,"column":41}},"7":{"start":{"line":20,"column":0},"end":{"line":54,"column":2}},"8":{"start":{"line":34,"column":40},"end":{"line":53,"column":null}},"9":{"start":{"line":35,"column":45},"end":{"line":35,"column":53}},"10":{"start":{"line":37,"column":18},"end":{"line":37,"column":78}},"11":{"start":{"line":39,"column":4},"end":{"line":41,"column":null}},"12":{"start":{"line":40,"column":6},"end":{"line":40,"column":68}},"13":{"start":{"line":43,"column":20},"end":{"line":43,"column":33}},"14":{"start":{"line":44,"column":4},"end":{"line":44,"column":48}},"15":{"start":{"line":45,"column":4},"end":{"line":45,"column":29}},"16":{"start":{"line":46,"column":4},"end":{"line":46,"column":25}},"17":{"start":{"line":47,"column":4},"end":{"line":47,"column":28}},"18":{"start":{"line":48,"column":4},"end":{"line":48,"column":40}},"19":{"start":{"line":49,"column":4},"end":{"line":49,"column":28}},"20":{"start":{"line":50,"column":4},"end":{"line":50,"column":50}},"21":{"start":{"line":52,"column":4},"end":{"line":52,"column":77}}},"fnMap":{"0":{"name":"(anonymous_7)","decl":{"start":{"line":34,"column":2},"end":{"line":34,"column":9}},"loc":{"start":{"line":34,"column":40},"end":{"line":53,"column":null}}},"1":{"name":"(anonymous_8)","decl":{"start":{"line":34,"column":40},"end":{"line":34,"column":null}},"loc":{"start":{"line":34,"column":40},"end":{"line":53,"column":3}}}},"branchMap":{"0":{"loc":{"start":{"line":39,"column":4},"end":{"line":41,"column":null}},"type":"if","locations":[{"start":{"line":39,"column":4},"end":{"line":41,"column":null}},{"start":{"line":39,"column":4},"end":{"line":41,"column":null}}]},"1":{"loc":{"start":{"line":48,"column":25},"end":{"line":48,"column":33}},"type":"binary-expr","locations":[{"start":{"line":48,"column":25},"end":{"line":48,"column":33}},{"start":{"line":48,"column":37},"end":{"line":48,"column":39}}]}},"s":{"0":46,"1":46,"2":46,"3":46,"4":46,"5":46,"6":46,"7":46,"8":3,"9":3,"10":3,"11":3,"12":1,"13":2,"14":2,"15":2,"16":2,"17":2,"18":2,"19":2,"20":2,"21":2},"f":{"0":3,"1":3},"b":{"0":[1,2],"1":[2,2]}}
,"/Users/gabrielfranco/personal/nano-auth/src/routes/precadastro/editar-precadastro.ts": {"path":"/Users/gabrielfranco/personal/nano-auth/src/routes/precadastro/editar-precadastro.ts","statementMap":{"0":{"start":{"line":1,"column":0},"end":{"line":1,"column":52}},"1":{"start":{"line":2,"column":0},"end":{"line":2,"column":41}},"2":{"start":{"line":3,"column":0},"end":{"line":3,"column":30}},"3":{"start":{"line":4,"column":0},"end":{"line":4,"column":null}},"4":{"start":{"line":13,"column":0},"end":{"line":13,"column":80}},"5":{"start":{"line":15,"column":15},"end":{"line":15,"column":23}},"6":{"start":{"line":72,"column":19},"end":{"line":72,"column":42}},"7":{"start":{"line":17,"column":0},"end":{"line":70,"column":2}},"8":{"start":{"line":33,"column":40},"end":{"line":69,"column":null}},"9":{"start":{"line":34,"column":19},"end":{"line":34,"column":29}},"10":{"start":{"line":36,"column":16},"end":{"line":38,"column":6}},"11":{"start":{"line":40,"column":4},"end":{"line":42,"column":null}},"12":{"start":{"line":41,"column":6},"end":{"line":41,"column":32}},"13":{"start":{"line":44,"column":45},"end":{"line":44,"column":53}},"14":{"start":{"line":45,"column":18},"end":{"line":47,"column":6}},"15":{"start":{"line":49,"column":4},"end":{"line":51,"column":null}},"16":{"start":{"line":50,"column":6},"end":{"line":50,"column":68}},"17":{"start":{"line":53,"column":4},"end":{"line":53,"column":25}},"18":{"start":{"line":54,"column":4},"end":{"line":56,"column":null}},"19":{"start":{"line":55,"column":6},"end":{"line":55,"column":26}},"20":{"start":{"line":58,"column":4},"end":{"line":60,"column":null}},"21":{"start":{"line":59,"column":6},"end":{"line":59,"column":26}},"22":{"start":{"line":62,"column":4},"end":{"line":64,"column":null}},"23":{"start":{"line":63,"column":6},"end":{"line":63,"column":32}},"24":{"start":{"line":66,"column":4},"end":{"line":66,"column":38}},"25":{"start":{"line":68,"column":4},"end":{"line":68,"column":31}}},"fnMap":{"0":{"name":"(anonymous_7)","decl":{"start":{"line":33,"column":2},"end":{"line":33,"column":9}},"loc":{"start":{"line":33,"column":40},"end":{"line":69,"column":null}}},"1":{"name":"(anonymous_8)","decl":{"start":{"line":33,"column":40},"end":{"line":33,"column":null}},"loc":{"start":{"line":33,"column":40},"end":{"line":69,"column":3}}}},"branchMap":{"0":{"loc":{"start":{"line":40,"column":4},"end":{"line":42,"column":null}},"type":"if","locations":[{"start":{"line":40,"column":4},"end":{"line":42,"column":null}},{"start":{"line":40,"column":4},"end":{"line":42,"column":null}}]},"1":{"loc":{"start":{"line":49,"column":4},"end":{"line":51,"column":null}},"type":"if","locations":[{"start":{"line":49,"column":4},"end":{"line":51,"column":null}},{"start":{"line":49,"column":4},"end":{"line":51,"column":null}}]},"2":{"loc":{"start":{"line":54,"column":4},"end":{"line":56,"column":null}},"type":"if","locations":[{"start":{"line":54,"column":4},"end":{"line":56,"column":null}},{"start":{"line":54,"column":4},"end":{"line":56,"column":null}}]},"3":{"loc":{"start":{"line":58,"column":4},"end":{"line":60,"column":null}},"type":"if","locations":[{"start":{"line":58,"column":4},"end":{"line":60,"column":null}},{"start":{"line":58,"column":4},"end":{"line":60,"column":null}}]},"4":{"loc":{"start":{"line":62,"column":4},"end":{"line":64,"column":null}},"type":"if","locations":[{"start":{"line":62,"column":4},"end":{"line":64,"column":null}},{"start":{"line":62,"column":4},"end":{"line":64,"column":null}}]}},"s":{"0":46,"1":46,"2":46,"3":46,"4":46,"5":46,"6":46,"7":46,"8":5,"9":5,"10":5,"11":5,"12":2,"13":3,"14":3,"15":3,"16":1,"17":2,"18":2,"19":1,"20":2,"21":1,"22":2,"23":1,"24":2,"25":2},"f":{"0":5,"1":5},"b":{"0":[2,3],"1":[1,2],"2":[1,1],"3":[1,1],"4":[1,1]}}
,"/Users/gabrielfranco/personal/nano-auth/src/routes/precadastro/excluir-precadastro.ts": {"path":"/Users/gabrielfranco/personal/nano-auth/src/routes/precadastro/excluir-precadastro.ts","statementMap":{"0":{"start":{"line":1,"column":0},"end":{"line":1,"column":56}},"1":{"start":{"line":2,"column":0},"end":{"line":2,"column":52}},"2":{"start":{"line":3,"column":0},"end":{"line":3,"column":80}},"3":{"start":{"line":5,"column":15},"end":{"line":5,"column":23}},"4":{"start":{"line":20,"column":19},"end":{"line":20,"column":37}},"5":{"start":{"line":7,"column":0},"end":{"line":18,"column":2}},"6":{"start":{"line":10,"column":40},"end":{"line":17,"column":null}},"7":{"start":{"line":11,"column":4},"end":{"line":14,"column":7}},"8":{"start":{"line":16,"column":4},"end":{"line":16,"column":29}}},"fnMap":{"0":{"name":"(anonymous_7)","decl":{"start":{"line":10,"column":2},"end":{"line":10,"column":9}},"loc":{"start":{"line":10,"column":40},"end":{"line":17,"column":null}}},"1":{"name":"(anonymous_8)","decl":{"start":{"line":10,"column":40},"end":{"line":10,"column":null}},"loc":{"start":{"line":10,"column":40},"end":{"line":17,"column":3}}}},"branchMap":{},"s":{"0":46,"1":46,"2":46,"3":46,"4":46,"5":46,"6":3,"7":3,"8":3},"f":{"0":3,"1":3},"b":{}}
,"/Users/gabrielfranco/personal/nano-auth/src/routes/precadastro/index.ts": {"path":"/Users/gabrielfranco/personal/nano-auth/src/routes/precadastro/index.ts","statementMap":{"0":{"start":{"line":1,"column":0},"end":{"line":1,"column":36}},"1":{"start":{"line":2,"column":0},"end":{"line":2,"column":37}},"2":{"start":{"line":3,"column":0},"end":{"line":3,"column":38}},"3":{"start":{"line":4,"column":0},"end":{"line":4,"column":37}}},"fnMap":{},"branchMap":{},"s":{"0":46,"1":46,"2":46,"3":46},"f":{},"b":{}}
,"/Users/gabrielfranco/personal/nano-auth/src/routes/precadastro/listar-precadastro.ts": {"path":"/Users/gabrielfranco/personal/nano-auth/src/routes/precadastro/listar-precadastro.ts","statementMap":{"0":{"start":{"line":1,"column":0},"end":{"line":1,"column":52}},"1":{"start":{"line":2,"column":0},"end":{"line":2,"column":73}},"2":{"start":{"line":3,"column":0},"end":{"line":3,"column":null}},"3":{"start":{"line":10,"column":15},"end":{"line":10,"column":23}},"4":{"start":{"line":25,"column":19},"end":{"line":25,"column":42}},"5":{"start":{"line":12,"column":0},"end":{"line":23,"column":2}},"6":{"start":{"line":15,"column":40},"end":{"line":22,"column":null}},"7":{"start":{"line":16,"column":24},"end":{"line":16,"column":59}},"8":{"start":{"line":17,"column":4},"end":{"line":17,"column":61}},"9":{"start":{"line":19,"column":23},"end":{"line":19,"column":67}},"10":{"start":{"line":21,"column":4},"end":{"line":21,"column":32}}},"fnMap":{"0":{"name":"(anonymous_7)","decl":{"start":{"line":15,"column":2},"end":{"line":15,"column":9}},"loc":{"start":{"line":15,"column":40},"end":{"line":22,"column":null}}},"1":{"name":"(anonymous_8)","decl":{"start":{"line":15,"column":40},"end":{"line":15,"column":null}},"loc":{"start":{"line":15,"column":40},"end":{"line":22,"column":3}}}},"branchMap":{},"s":{"0":46,"1":46,"2":46,"3":46,"4":46,"5":46,"6":4,"7":4,"8":4,"9":4,"10":4},"f":{"0":4,"1":4},"b":{}}
,"/Users/gabrielfranco/personal/nano-auth/src/routes/usuario/alterar-contexto.ts": {"path":"/Users/gabrielfranco/personal/nano-auth/src/routes/usuario/alterar-contexto.ts","statementMap":{"0":{"start":{"line":1,"column":0},"end":{"line":1,"column":41}},"1":{"start":{"line":2,"column":0},"end":{"line":2,"column":70}},"2":{"start":{"line":3,"column":0},"end":{"line":3,"column":52}},"3":{"start":{"line":4,"column":0},"end":{"line":4,"column":null}},"4":{"start":{"line":9,"column":0},"end":{"line":9,"column":44}},"5":{"start":{"line":11,"column":15},"end":{"line":11,"column":23}},"6":{"start":{"line":60,"column":19},"end":{"line":60,"column":40}},"7":{"start":{"line":13,"column":0},"end":{"line":58,"column":2}},"8":{"start":{"line":23,"column":40},"end":{"line":57,"column":null}},"9":{"start":{"line":24,"column":25},"end":{"line":24,"column":33}},"10":{"start":{"line":25,"column":24},"end":{"line":25,"column":39}},"11":{"start":{"line":27,"column":4},"end":{"line":29,"column":null}},"12":{"start":{"line":28,"column":6},"end":{"line":28,"column":36}},"13":{"start":{"line":31,"column":4},"end":{"line":31,"column":31}},"14":{"start":{"line":33,"column":4},"end":{"line":36,"column":null}},"15":{"start":{"line":34,"column":6},"end":{"line":34,"column":44}},"16":{"start":{"line":35,"column":6},"end":{"line":35,"column":36}},"17":{"start":{"line":38,"column":19},"end":{"line":40,"column":6}},"18":{"start":{"line":42,"column":4},"end":{"line":44,"column":null}},"19":{"start":{"line":43,"column":6},"end":{"line":43,"column":71}},"20":{"start":{"line":46,"column":21},"end":{"line":49,"column":6}},"21":{"start":{"line":51,"column":4},"end":{"line":53,"column":null}},"22":{"start":{"line":52,"column":6},"end":{"line":52,"column":45}},"23":{"start":{"line":55,"column":4},"end":{"line":55,"column":42}},"24":{"start":{"line":56,"column":4},"end":{"line":56,"column":27}}},"fnMap":{"0":{"name":"(anonymous_7)","decl":{"start":{"line":23,"column":2},"end":{"line":23,"column":9}},"loc":{"start":{"line":23,"column":40},"end":{"line":57,"column":null}}},"1":{"name":"(anonymous_8)","decl":{"start":{"line":23,"column":40},"end":{"line":23,"column":null}},"loc":{"start":{"line":23,"column":40},"end":{"line":57,"column":3}}}},"branchMap":{"0":{"loc":{"start":{"line":27,"column":4},"end":{"line":29,"column":null}},"type":"if","locations":[{"start":{"line":27,"column":4},"end":{"line":29,"column":null}},{"start":{"line":27,"column":4},"end":{"line":29,"column":null}}]},"1":{"loc":{"start":{"line":33,"column":4},"end":{"line":36,"column":null}},"type":"if","locations":[{"start":{"line":33,"column":4},"end":{"line":36,"column":null}},{"start":{"line":33,"column":4},"end":{"line":36,"column":null}}]},"2":{"loc":{"start":{"line":42,"column":4},"end":{"line":44,"column":null}},"type":"if","locations":[{"start":{"line":42,"column":4},"end":{"line":44,"column":null}},{"start":{"line":42,"column":4},"end":{"line":44,"column":null}}]},"3":{"loc":{"start":{"line":51,"column":4},"end":{"line":53,"column":null}},"type":"if","locations":[{"start":{"line":51,"column":4},"end":{"line":53,"column":null}},{"start":{"line":51,"column":4},"end":{"line":53,"column":null}}]}},"s":{"0":46,"1":46,"2":46,"3":46,"4":46,"5":46,"6":46,"7":46,"8":4,"9":4,"10":4,"11":4,"12":1,"13":3,"14":3,"15":1,"16":1,"17":2,"18":2,"19":1,"20":1,"21":1,"22":0,"23":1,"24":1},"f":{"0":4,"1":4},"b":{"0":[1,3],"1":[1,2],"2":[1,1],"3":[0,1]}}
,"/Users/gabrielfranco/personal/nano-auth/src/routes/usuario/alterar-senha.ts": {"path":"/Users/gabrielfranco/personal/nano-auth/src/routes/usuario/alterar-senha.ts","statementMap":{"0":{"start":{"line":1,"column":0},"end":{"line":1,"column":41}},"1":{"start":{"line":2,"column":0},"end":{"line":2,"column":45}},"2":{"start":{"line":3,"column":0},"end":{"line":3,"column":49}},"3":{"start":{"line":4,"column":0},"end":{"line":4,"column":52}},"4":{"start":{"line":5,"column":0},"end":{"line":5,"column":66}},"5":{"start":{"line":7,"column":15},"end":{"line":7,"column":23}},"6":{"start":{"line":29,"column":19},"end":{"line":29,"column":37}},"7":{"start":{"line":9,"column":0},"end":{"line":27,"column":2}},"8":{"start":{"line":19,"column":40},"end":{"line":26,"column":null}},"9":{"start":{"line":20,"column":4},"end":{"line":23,"column":6}},"10":{"start":{"line":25,"column":4},"end":{"line":25,"column":27}}},"fnMap":{"0":{"name":"(anonymous_7)","decl":{"start":{"line":19,"column":2},"end":{"line":19,"column":9}},"loc":{"start":{"line":19,"column":40},"end":{"line":26,"column":null}}},"1":{"name":"(anonymous_8)","decl":{"start":{"line":19,"column":40},"end":{"line":19,"column":null}},"loc":{"start":{"line":19,"column":40},"end":{"line":26,"column":3}}}},"branchMap":{},"s":{"0":46,"1":46,"2":46,"3":46,"4":46,"5":46,"6":46,"7":46,"8":1,"9":1,"10":1},"f":{"0":1,"1":1},"b":{}}
,"/Users/gabrielfranco/personal/nano-auth/src/routes/usuario/ativar-usuario.ts": {"path":"/Users/gabrielfranco/personal/nano-auth/src/routes/usuario/ativar-usuario.ts","statementMap":{"0":{"start":{"line":1,"column":0},"end":{"line":1,"column":53}},"1":{"start":{"line":2,"column":0},"end":{"line":2,"column":41}},"2":{"start":{"line":3,"column":0},"end":{"line":3,"column":70}},"3":{"start":{"line":4,"column":0},"end":{"line":4,"column":null}},"4":{"start":{"line":10,"column":0},"end":{"line":10,"column":54}},"5":{"start":{"line":12,"column":15},"end":{"line":12,"column":31}},"6":{"start":{"line":55,"column":19},"end":{"line":55,"column":38}},"7":{"start":{"line":14,"column":0},"end":{"line":53,"column":2}},"8":{"start":{"line":22,"column":40},"end":{"line":52,"column":null}},"9":{"start":{"line":23,"column":22},"end":{"line":23,"column":30}},"10":{"start":{"line":26,"column":4},"end":{"line":28,"column":null}},"11":{"start":{"line":27,"column":6},"end":{"line":27,"column":62}},"12":{"start":{"line":32,"column":20},"end":{"line":35,"column":6}},"13":{"start":{"line":37,"column":4},"end":{"line":39,"column":null}},"14":{"start":{"line":38,"column":6},"end":{"line":38,"column":62}},"15":{"start":{"line":42,"column":21},"end":{"line":42,"column":35}},"16":{"start":{"line":43,"column":4},"end":{"line":43,"column":44}},"17":{"start":{"line":44,"column":4},"end":{"line":44,"column":43}},"18":{"start":{"line":45,"column":4},"end":{"line":45,"column":44}},"19":{"start":{"line":47,"column":4},"end":{"line":47,"column":43}},"20":{"start":{"line":48,"column":4},"end":{"line":48,"column":27}},"21":{"start":{"line":49,"column":4},"end":{"line":49,"column":42}},"22":{"start":{"line":51,"column":4},"end":{"line":51,"column":27}}},"fnMap":{"0":{"name":"(anonymous_8)","decl":{"start":{"line":22,"column":2},"end":{"line":22,"column":9}},"loc":{"start":{"line":22,"column":40},"end":{"line":52,"column":null}}},"1":{"name":"(anonymous_9)","decl":{"start":{"line":22,"column":40},"end":{"line":22,"column":null}},"loc":{"start":{"line":22,"column":40},"end":{"line":52,"column":3}}}},"branchMap":{"0":{"loc":{"start":{"line":26,"column":4},"end":{"line":28,"column":null}},"type":"if","locations":[{"start":{"line":26,"column":4},"end":{"line":28,"column":null}},{"start":{"line":26,"column":4},"end":{"line":28,"column":null}}]},"1":{"loc":{"start":{"line":37,"column":4},"end":{"line":39,"column":null}},"type":"if","locations":[{"start":{"line":37,"column":4},"end":{"line":39,"column":null}},{"start":{"line":37,"column":4},"end":{"line":39,"column":null}}]},"2":{"loc":{"start":{"line":37,"column":8},"end":{"line":37,"column":16}},"type":"binary-expr","locations":[{"start":{"line":37,"column":8},"end":{"line":37,"column":16}},{"start":{"line":37,"column":20},"end":{"line":37,"column":44}}]}},"s":{"0":46,"1":46,"2":46,"3":46,"4":46,"5":46,"6":46,"7":46,"8":5,"9":5,"10":5,"11":1,"12":4,"13":4,"14":1,"15":3,"16":3,"17":3,"18":3,"19":3,"20":3,"21":3,"22":3},"f":{"0":5,"1":5},"b":{"0":[1,4],"1":[1,3],"2":[4,3]}}
,"/Users/gabrielfranco/personal/nano-auth/src/routes/usuario/checar-email.ts": {"path":"/Users/gabrielfranco/personal/nano-auth/src/routes/usuario/checar-email.ts","statementMap":{"0":{"start":{"line":1,"column":0},"end":{"line":1,"column":52}},"1":{"start":{"line":2,"column":0},"end":{"line":2,"column":49}},"2":{"start":{"line":3,"column":0},"end":{"line":3,"column":49}},"3":{"start":{"line":5,"column":15},"end":{"line":5,"column":23}},"4":{"start":{"line":33,"column":19},"end":{"line":33,"column":36}},"5":{"start":{"line":7,"column":0},"end":{"line":31,"column":3}},"6":{"start":{"line":7,"column":74},"end":{"line":31,"column":2}},"7":{"start":{"line":8,"column":16},"end":{"line":8,"column":41}},"8":{"start":{"line":11,"column":2},"end":{"line":13,"column":null}},"9":{"start":{"line":12,"column":4},"end":{"line":12,"column":42}},"10":{"start":{"line":15,"column":18},"end":{"line":18,"column":4}},"11":{"start":{"line":21,"column":2},"end":{"line":23,"column":null}},"12":{"start":{"line":22,"column":4},"end":{"line":22,"column":42}},"13":{"start":{"line":26,"column":2},"end":{"line":28,"column":null}},"14":{"start":{"line":27,"column":4},"end":{"line":27,"column":43}},"15":{"start":{"line":30,"column":2},"end":{"line":30,"column":58}}},"fnMap":{"0":{"name":"(anonymous_7)","decl":{"start":{"line":7,"column":36},"end":{"line":7,"column":43}},"loc":{"start":{"line":7,"column":74},"end":{"line":31,"column":2}}},"1":{"name":"(anonymous_8)","decl":{"start":{"line":7,"column":74},"end":{"line":7,"column":null}},"loc":{"start":{"line":7,"column":74},"end":{"line":31,"column":1}}}},"branchMap":{"0":{"loc":{"start":{"line":11,"column":2},"end":{"line":13,"column":null}},"type":"if","locations":[{"start":{"line":11,"column":2},"end":{"line":13,"column":null}},{"start":{"line":11,"column":2},"end":{"line":13,"column":null}}]},"1":{"loc":{"start":{"line":21,"column":2},"end":{"line":23,"column":null}},"type":"if","locations":[{"start":{"line":21,"column":2},"end":{"line":23,"column":null}},{"start":{"line":21,"column":2},"end":{"line":23,"column":null}}]},"2":{"loc":{"start":{"line":26,"column":2},"end":{"line":28,"column":null}},"type":"if","locations":[{"start":{"line":26,"column":2},"end":{"line":28,"column":null}},{"start":{"line":26,"column":2},"end":{"line":28,"column":null}}]}},"s":{"0":46,"1":46,"2":46,"3":46,"4":46,"5":46,"6":5,"7":5,"8":5,"9":1,"10":4,"11":4,"12":1,"13":3,"14":2,"15":1},"f":{"0":5,"1":5},"b":{"0":[1,4],"1":[1,3],"2":[2,1]}}
,"/Users/gabrielfranco/personal/nano-auth/src/routes/usuario/criar-usuario.ts": {"path":"/Users/gabrielfranco/personal/nano-auth/src/routes/usuario/criar-usuario.ts","statementMap":{"0":{"start":{"line":1,"column":0},"end":{"line":1,"column":52}},"1":{"start":{"line":2,"column":0},"end":{"line":2,"column":41}},"2":{"start":{"line":3,"column":0},"end":{"line":3,"column":32}},"3":{"start":{"line":4,"column":0},"end":{"line":4,"column":null}},"4":{"start":{"line":10,"column":0},"end":{"line":10,"column":49}},"5":{"start":{"line":11,"column":0},"end":{"line":11,"column":null}},"6":{"start":{"line":17,"column":0},"end":{"line":17,"column":null}},"7":{"start":{"line":24,"column":15},"end":{"line":24,"column":23}},"8":{"start":{"line":97,"column":19},"end":{"line":97,"column":37}},"9":{"start":{"line":26,"column":0},"end":{"line":95,"column":2}},"10":{"start":{"line":37,"column":42},"end":{"line":37,"column":63}},"11":{"start":{"line":53,"column":40},"end":{"line":94,"column":null}},"12":{"start":{"line":54,"column":52},"end":{"line":54,"column":60}},"13":{"start":{"line":57,"column":18},"end":{"line":59,"column":6}},"14":{"start":{"line":61,"column":4},"end":{"line":63,"column":null}},"15":{"start":{"line":62,"column":6},"end":{"line":62,"column":68}},"16":{"start":{"line":66,"column":18},"end":{"line":66,"column":41}},"17":{"start":{"line":69,"column":4},"end":{"line":72,"column":null}},"18":{"start":{"line":70,"column":6},"end":{"line":70,"column":30}},"19":{"start":{"line":71,"column":6},"end":{"line":71,"column":50}},"20":{"start":{"line":73,"column":4},"end":{"line":73,"column":28}},"21":{"start":{"line":74,"column":4},"end":{"line":74,"column":29}},"22":{"start":{"line":75,"column":4},"end":{"line":75,"column":28}},"23":{"start":{"line":76,"column":4},"end":{"line":76,"column":28}},"24":{"start":{"line":77,"column":4},"end":{"line":77,"column":34}},"25":{"start":{"line":78,"column":4},"end":{"line":78,"column":28}},"26":{"start":{"line":79,"column":4},"end":{"line":79,"column":45}},"27":{"start":{"line":81,"column":4},"end":{"line":81,"column":42}},"28":{"start":{"line":83,"column":4},"end":{"line":92,"column":null}},"29":{"start":{"line":84,"column":6},"end":{"line":89,"column":9}},"30":{"start":{"line":91,"column":6},"end":{"line":91,"column":27}},"31":{"start":{"line":93,"column":4},"end":{"line":93,"column":46}}},"fnMap":{"0":{"name":"(anonymous_7)","decl":{"start":{"line":37,"column":23},"end":{"line":37,"column":24}},"loc":{"start":{"line":37,"column":42},"end":{"line":37,"column":63}}},"1":{"name":"(anonymous_8)","decl":{"start":{"line":53,"column":2},"end":{"line":53,"column":9}},"loc":{"start":{"line":53,"column":40},"end":{"line":94,"column":null}}},"2":{"name":"(anonymous_9)","decl":{"start":{"line":53,"column":40},"end":{"line":53,"column":null}},"loc":{"start":{"line":53,"column":40},"end":{"line":94,"column":3}}}},"branchMap":{"0":{"loc":{"start":{"line":61,"column":4},"end":{"line":63,"column":null}},"type":"if","locations":[{"start":{"line":61,"column":4},"end":{"line":63,"column":null}},{"start":{"line":61,"column":4},"end":{"line":63,"column":null}}]},"1":{"loc":{"start":{"line":61,"column":8},"end":{"line":61,"column":15}},"type":"binary-expr","locations":[{"start":{"line":61,"column":8},"end":{"line":61,"column":15}},{"start":{"line":61,"column":19},"end":{"line":61,"column":66}}]},"2":{"loc":{"start":{"line":69,"column":4},"end":{"line":72,"column":null}},"type":"if","locations":[{"start":{"line":69,"column":4},"end":{"line":72,"column":null}},{"start":{"line":69,"column":4},"end":{"line":72,"column":null}}]}},"s":{"0":46,"1":46,"2":46,"3":46,"4":46,"5":46,"6":46,"7":46,"8":46,"9":46,"10":16,"11":10,"12":10,"13":10,"14":10,"15":1,"16":9,"17":9,"18":9,"19":9,"20":9,"21":9,"22":9,"23":9,"24":9,"25":9,"26":9,"27":9,"28":9,"29":9,"30":0,"31":9},"f":{"0":16,"1":10,"2":10},"b":{"0":[1,9],"1":[10,1],"2":[9,0]}}
,"/Users/gabrielfranco/personal/nano-auth/src/routes/usuario/esqueci-senha.ts": {"path":"/Users/gabrielfranco/personal/nano-auth/src/routes/usuario/esqueci-senha.ts","statementMap":{"0":{"start":{"line":1,"column":0},"end":{"line":1,"column":52}},"1":{"start":{"line":2,"column":0},"end":{"line":2,"column":41}},"2":{"start":{"line":3,"column":0},"end":{"line":3,"column":53}},"3":{"start":{"line":4,"column":0},"end":{"line":4,"column":49}},"4":{"start":{"line":5,"column":0},"end":{"line":5,"column":null}},"5":{"start":{"line":10,"column":0},"end":{"line":10,"column":49}},"6":{"start":{"line":12,"column":15},"end":{"line":12,"column":23}},"7":{"start":{"line":52,"column":19},"end":{"line":52,"column":37}},"8":{"start":{"line":14,"column":0},"end":{"line":50,"column":2}},"9":{"start":{"line":22,"column":40},"end":{"line":49,"column":null}},"10":{"start":{"line":23,"column":22},"end":{"line":23,"column":30}},"11":{"start":{"line":25,"column":22},"end":{"line":27,"column":6}},"12":{"start":{"line":29,"column":4},"end":{"line":31,"column":null}},"13":{"start":{"line":30,"column":6},"end":{"line":30,"column":37}},"14":{"start":{"line":33,"column":18},"end":{"line":33,"column":41}},"15":{"start":{"line":34,"column":4},"end":{"line":34,"column":30}},"16":{"start":{"line":35,"column":4},"end":{"line":35,"column":44}},"17":{"start":{"line":37,"column":4},"end":{"line":46,"column":null}},"18":{"start":{"line":38,"column":6},"end":{"line":43,"column":9}},"19":{"start":{"line":45,"column":6},"end":{"line":45,"column":25}},"20":{"start":{"line":48,"column":4},"end":{"line":48,"column":41}}},"fnMap":{"0":{"name":"(anonymous_7)","decl":{"start":{"line":22,"column":2},"end":{"line":22,"column":9}},"loc":{"start":{"line":22,"column":40},"end":{"line":49,"column":null}}},"1":{"name":"(anonymous_8)","decl":{"start":{"line":22,"column":40},"end":{"line":22,"column":null}},"loc":{"start":{"line":22,"column":40},"end":{"line":49,"column":3}}}},"branchMap":{"0":{"loc":{"start":{"line":29,"column":4},"end":{"line":31,"column":null}},"type":"if","locations":[{"start":{"line":29,"column":4},"end":{"line":31,"column":null}},{"start":{"line":29,"column":4},"end":{"line":31,"column":null}}]},"1":{"loc":{"start":{"line":29,"column":8},"end":{"line":29,"column":18}},"type":"binary-expr","locations":[{"start":{"line":29,"column":8},"end":{"line":29,"column":18}},{"start":{"line":29,"column":23},"end":{"line":29,"column":32}},{"start":{"line":29,"column":36},"end":{"line":29,"column":62}}]}},"s":{"0":46,"1":46,"2":46,"3":46,"4":46,"5":46,"6":46,"7":46,"8":46,"9":4,"10":4,"11":4,"12":4,"13":2,"14":2,"15":2,"16":2,"17":2,"18":2,"19":0,"20":2},"f":{"0":4,"1":4},"b":{"0":[2,2],"1":[4,2,2]}}
,"/Users/gabrielfranco/personal/nano-auth/src/routes/usuario/index.ts": {"path":"/Users/gabrielfranco/personal/nano-auth/src/routes/usuario/index.ts","statementMap":{"0":{"start":{"line":1,"column":0},"end":{"line":1,"column":35}},"1":{"start":{"line":2,"column":0},"end":{"line":2,"column":32}},"2":{"start":{"line":3,"column":0},"end":{"line":3,"column":33}},"3":{"start":{"line":4,"column":0},"end":{"line":4,"column":31}},"4":{"start":{"line":5,"column":0},"end":{"line":5,"column":32}},"5":{"start":{"line":6,"column":0},"end":{"line":6,"column":32}},"6":{"start":{"line":7,"column":0},"end":{"line":7,"column":34}},"7":{"start":{"line":8,"column":0},"end":{"line":8,"column":24}},"8":{"start":{"line":9,"column":0},"end":{"line":9,"column":25}},"9":{"start":{"line":10,"column":0},"end":{"line":10,"column":24}},"10":{"start":{"line":11,"column":0},"end":{"line":11,"column":36}},"11":{"start":{"line":12,"column":0},"end":{"line":12,"column":32}},"12":{"start":{"line":13,"column":0},"end":{"line":13,"column":32}},"13":{"start":{"line":14,"column":0},"end":{"line":14,"column":32}},"14":{"start":{"line":15,"column":0},"end":{"line":15,"column":30}},"15":{"start":{"line":16,"column":0},"end":{"line":16,"column":33}},"16":{"start":{"line":17,"column":0},"end":{"line":17,"column":32}},"17":{"start":{"line":18,"column":0},"end":{"line":18,"column":27}}},"fnMap":{},"branchMap":{},"s":{"0":46,"1":46,"2":46,"3":46,"4":46,"5":46,"6":46,"7":46,"8":46,"9":46,"10":46,"11":46,"12":46,"13":46,"14":46,"15":46,"16":46,"17":46},"f":{},"b":{}}
,"/Users/gabrielfranco/personal/nano-auth/src/routes/usuario/listar-contexto.ts": {"path":"/Users/gabrielfranco/personal/nano-auth/src/routes/usuario/listar-contexto.ts","statementMap":{"0":{"start":{"line":1,"column":0},"end":{"line":1,"column":53}},"1":{"start":{"line":2,"column":0},"end":{"line":2,"column":49}},"2":{"start":{"line":3,"column":0},"end":{"line":3,"column":49}},"3":{"start":{"line":4,"column":0},"end":{"line":4,"column":40}},"4":{"start":{"line":6,"column":15},"end":{"line":6,"column":31}},"5":{"start":{"line":25,"column":19},"end":{"line":25,"column":39}},"6":{"start":{"line":8,"column":0},"end":{"line":23,"column":2}},"7":{"start":{"line":11,"column":40},"end":{"line":22,"column":null}},"8":{"start":{"line":12,"column":22},"end":{"line":19,"column":19}},"9":{"start":{"line":21,"column":4},"end":{"line":21,"column":28}}},"fnMap":{"0":{"name":"(anonymous_8)","decl":{"start":{"line":11,"column":2},"end":{"line":11,"column":9}},"loc":{"start":{"line":11,"column":40},"end":{"line":22,"column":null}}},"1":{"name":"(anonymous_9)","decl":{"start":{"line":11,"column":40},"end":{"line":11,"column":null}},"loc":{"start":{"line":11,"column":40},"end":{"line":22,"column":3}}}},"branchMap":{},"s":{"0":46,"1":46,"2":46,"3":46,"4":46,"5":46,"6":46,"7":1,"8":1,"9":1},"f":{"0":1,"1":1},"b":{}}
[...]
,"/Users/gabrielfranco/personal/nano-auth/src/utils/fingerprint.ts": {"path":"/Users/gabrielfranco/personal/nano-auth/src/utils/fingerprint.ts","statementMap":{"0":{"start":{"line":2,"column":0},"end":{"line":2,"column":36}},"1":{"start":{"line":12,"column":27},"end":{"line":23,"column":18}},"2":{"start":{"line":13,"column":2},"end":{"line":23,"column":18}},"3":{"start":{"line":12,"column":13},"end":{"line":12,"column":27}}},"fnMap":{"0":{"name":"(anonymous_0)","decl":{"start":{"line":12,"column":27},"end":{"line":12,"column":28}},"loc":{"start":{"line":13,"column":2},"end":{"line":23,"column":18}}}},"branchMap":{"0":{"loc":{"start":{"line":16,"column":17},"end":{"line":16,"column":35}},"type":"binary-expr","locations":[{"start":{"line":16,"column":17},"end":{"line":16,"column":35}},{"start":{"line":16,"column":39},"end":{"line":16,"column":48}}]},"1":{"loc":{"start":{"line":17,"column":21},"end":{"line":17,"column":41}},"type":"binary-expr","locations":[{"start":{"line":17,"column":21},"end":{"line":17,"column":41}},{"start":{"line":17,"column":45},"end":{"line":17,"column":54}}]},"2":{"loc":{"start":{"line":18,"column":28},"end":{"line":18,"column":55}},"type":"binary-expr","locations":[{"start":{"line":18,"column":28},"end":{"line":18,"column":55}},{"start":{"line":18,"column":59},"end":{"line":18,"column":68}}]},"3":{"loc":{"start":{"line":19,"column":22},"end":{"line":19,"column":43}},"type":"binary-expr","locations":[{"start":{"line":19,"column":22},"end":{"line":19,"column":43}},{"start":{"line":19,"column":47},"end":{"line":19,"column":56}}]},"4":{"loc":{"start":{"line":20,"column":23},"end":{"line":20,"column":45}},"type":"binary-expr","locations":[{"start":{"line":20,"column":23},"end":{"line":20,"column":45}},{"start":{"line":20,"column":49},"end":{"line":20,"column":58}}]}},"s":{"0":46,"1":46,"2":19,"3":46},"f":{"0":19},"b":{"0":[19,10],"1":[19,10],"2":[19,10],"3":[19,6],"4":[19,10]}}
,"/Users/gabrielfranco/personal/nano-auth/src/utils/get-keys.ts": {"path":"/Users/gabrielfranco/personal/nano-auth/src/utils/get-keys.ts","statementMap":{"0":{"start":{"line":1,"column":0},"end":{"line":1,"column":29}},"1":{"start":{"line":2,"column":0},"end":{"line":2,"column":31}},"2":{"start":{"line":3,"column":0},"end":{"line":3,"column":33}},"3":{"start":{"line":22,"column":23},"end":{"line":55,"column":2}},"4":{"start":{"line":22,"column":34},"end":{"line":55,"column":2}},"5":{"start":{"line":23,"column":15},"end":{"line":23,"column":31}},"6":{"start":{"line":24,"column":16},"end":{"line":24,"column":38}},"7":{"start":{"line":26,"column":2},"end":{"line":28,"column":null}},"8":{"start":{"line":27,"column":4},"end":{"line":27,"column":47}},"9":{"start":{"line":30,"column":2},"end":{"line":54,"column":null}},"10":{"start":{"line":30,"column":15},"end":{"line":30,"column":16}},"11":{"start":{"line":31,"column":14},"end":{"line":31,"column":16}},"12":{"start":{"line":32,"column":17},"end":{"line":32,"column":55}},"13":{"start":{"line":34,"column":4},"end":{"line":49,"column":null}},"14":{"start":{"line":35,"column":6},"end":{"line":35,"column":44}},"15":{"start":{"line":37,"column":22},"end":{"line":39,"column":8}},"16":{"start":{"line":40,"column":6},"end":{"line":40,"column":30}},"17":{"start":{"line":42,"column":6},"end":{"line":45,"column":null}},"18":{"start":{"line":43,"column":8},"end":{"line":43,"column":71}},"19":{"start":{"line":44,"column":8},"end":{"line":44,"column":17}},"20":{"start":{"line":47,"column":6},"end":{"line":47,"column":25}},"21":{"start":{"line":48,"column":6},"end":{"line":48,"column":36}},"22":{"start":{"line":51,"column":4},"end":{"line":53,"column":null}},"23":{"start":{"line":52,"column":6},"end":{"line":52,"column":78}},"24":{"start":{"line":22,"column":13},"end":{"line":22,"column":23}}},"fnMap":{"0":{"name":"(anonymous_8)","decl":{"start":{"line":22,"column":23},"end":{"line":22,"column":32}},"loc":{"start":{"line":22,"column":34},"end":{"line":55,"column":2}}},"1":{"name":"(anonymous_9)","decl":{"start":{"line":22,"column":34},"end":{"line":22,"column":null}},"loc":{"start":{"line":22,"column":34},"end":{"line":55,"column":1}}}},"branchMap":{"0":{"loc":{"start":{"line":26,"column":2},"end":{"line":28,"column":null}},"type":"if","locations":[{"start":{"line":26,"column":2},"end":{"line":28,"column":null}},{"start":{"line":26,"column":2},"end":{"line":28,"column":null}}]},"1":{"loc":{"start":{"line":34,"column":4},"end":{"line":49,"column":null}},"type":"if","locations":[{"start":{"line":34,"column":4},"end":{"line":49,"column":null}},{"start":{"line":34,"column":4},"end":{"line":49,"column":null}}]},"2":{"loc":{"start":{"line":42,"column":6},"end":{"line":45,"column":null}},"type":"if","locations":[{"start":{"line":42,"column":6},"end":{"line":45,"column":null}},{"start":{"line":42,"column":6},"end":{"line":45,"column":null}}]},"3":{"loc":{"start":{"line":51,"column":4},"end":{"line":53,"column":null}},"type":"if","locations":[{"start":{"line":51,"column":4},"end":{"line":53,"column":null}},{"start":{"line":51,"column":4},"end":{"line":53,"column":null}}]}},"s":{"0":46,"1":46,"2":46,"3":46,"4":51,"5":51,"6":51,"7":51,"8":1,"9":50,"10":50,"11":97,"12":97,"13":97,"14":48,"15":48,"16":48,"17":49,"18":1,"19":1,"20":48,"21":48,"22":96,"23":2,"24":46},"f":{"0":51,"1":51},"b":{"0":[1,50],"1":[48,49],"2":[1,48],"3":[2,94]}}
,"/Users/gabrielfranco/personal/nano-auth/src/utils/get-permissions.ts": {"path":"/Users/gabrielfranco/personal/nano-auth/src/utils/get-permissions.ts","statementMap":{"0":{"start":{"line":1,"column":0},"end":{"line":1,"column":29}},"1":{"start":{"line":2,"column":0},"end":{"line":2,"column":77}},"2":{"start":{"line":10,"column":30},"end":{"line":16,"column":42}},"3":{"start":{"line":10,"column":76},"end":{"line":16,"column":42}},"4":{"start":{"line":11,"column":2},"end":{"line":16,"column":42}},"5":{"start":{"line":16,"column":29},"end":{"line":16,"column":40}},"6":{"start":{"line":10,"column":13},"end":{"line":10,"column":30}},"7":{"start":{"line":24,"column":29},"end":{"line":27,"column":4}},"8":{"start":{"line":24,"column":76},"end":{"line":27,"column":4}},"9":{"start":{"line":25,"column":2},"end":{"line":27,"column":4}},"10":{"start":{"line":26,"column":21},"end":{"line":26,"column":28}},"11":{"start":{"line":24,"column":13},"end":{"line":24,"column":29}},"12":{"start":{"line":36,"column":32},"end":{"line":37,"column":55}},"13":{"start":{"line":36,"column":79},"end":{"line":37,"column":55}},"14":{"start":{"line":37,"column":2},"end":{"line":37,"column":55}},"15":{"start":{"line":36,"column":13},"end":{"line":36,"column":32}}},"fnMap":{"0":{"name":"(anonymous_7)","decl":{"start":{"line":10,"column":30},"end":{"line":10,"column":37}},"loc":{"start":{"line":10,"column":76},"end":{"line":16,"column":42}}},"1":{"name":"(anonymous_8)","decl":{"start":{"line":10,"column":76},"end":{"line":10,"column":null}},"loc":{"start":{"line":10,"column":76},"end":{"line":16,"column":42}}},"2":{"name":"(anonymous_9)","decl":{"start":{"line":16,"column":8},"end":{"line":16,"column":9}},"loc":{"start":{"line":16,"column":29},"end":{"line":16,"column":40}}},"3":{"name":"(anonymous_10)","decl":{"start":{"line":24,"column":29},"end":{"line":24,"column":36}},"loc":{"start":{"line":24,"column":76},"end":{"line":27,"column":4}}},"4":{"name":"(anonymous_11)","decl":{"start":{"line":24,"column":76},"end":{"line":24,"column":null}},"loc":{"start":{"line":24,"column":76},"end":{"line":27,"column":4}}},"5":{"name":"(anonymous_12)","decl":{"start":{"line":26,"column":4},"end":{"line":26,"column":5}},"loc":{"start":{"line":26,"column":21},"end":{"line":26,"column":28}}},"6":{"name":"(anonymous_13)","decl":{"start":{"line":36,"column":32},"end":{"line":36,"column":39}},"loc":{"start":{"line":36,"column":79},"end":{"line":37,"column":55}}},"7":{"name":"(anonymous_14)","decl":{"start":{"line":36,"column":79},"end":{"line":36,"column":null}},"loc":{"start":{"line":36,"column":79},"end":{"line":37,"column":55}}}},"branchMap":{},"s":{"0":46,"1":46,"2":46,"3":11,"4":11,"5":34,"6":46,"7":46,"8":14,"9":14,"10":4,"11":46,"12":46,"13":11,"14":11,"15":46},"f":{"0":11,"1":11,"2":34,"3":14,"4":14,"5":4,"6":11,"7":11},"b":{}}
,"/Users/gabrielfranco/personal/nano-auth/src/utils/get-template-email.ts": {"path":"/Users/gabrielfranco/personal/nano-auth/src/utils/get-template-email.ts","statementMap":{"0":{"start":{"line":1,"column":0},"end":{"line":1,"column":31}},"1":{"start":{"line":2,"column":0},"end":{"line":2,"column":39}},"2":{"start":{"line":3,"column":0},"end":{"line":3,"column":28}},"3":{"start":{"line":14,"column":32},"end":{"line":27,"column":2}},"4":{"start":{"line":17,"column":4},"end":{"line":27,"column":2}},"5":{"start":{"line":18,"column":15},"end":{"line":20,"column":null}},"6":{"start":{"line":23,"column":2},"end":{"line":26,"column":4}},"7":{"start":{"line":14,"column":13},"end":{"line":14,"column":32}}},"fnMap":{"0":{"name":"(anonymous_7)","decl":{"start":{"line":14,"column":32},"end":{"line":14,"column":null}},"loc":{"start":{"line":17,"column":4},"end":{"line":27,"column":2}}},"1":{"name":"(anonymous_8)","decl":{"start":{"line":17,"column":4},"end":{"line":17,"column":null}},"loc":{"start":{"line":17,"column":4},"end":{"line":27,"column":1}}}},"branchMap":{},"s":{"0":46,"1":46,"2":46,"3":46,"4":14,"5":14,"6":14,"7":46},"f":{"0":14,"1":14},"b":{}}
,"/Users/gabrielfranco/personal/nano-auth/src/utils/index.ts": {"path":"/Users/gabrielfranco/personal/nano-auth/src/utils/index.ts","statementMap":{"0":{"start":{"line":1,"column":0},"end":{"line":1,"column":28}},"1":{"start":{"line":2,"column":0},"end":{"line":2,"column":30}},"2":{"start":{"line":3,"column":0},"end":{"line":3,"column":27}},"3":{"start":{"line":4,"column":0},"end":{"line":4,"column":34}},"4":{"start":{"line":5,"column":0},"end":{"line":5,"column":37}},"5":{"start":{"line":6,"column":0},"end":{"line":6,"column":27}},"6":{"start":{"line":7,"column":0},"end":{"line":7,"column":29}},"7":{"start":{"line":8,"column":0},"end":{"line":8,"column":33}},"8":{"start":{"line":9,"column":0},"end":{"line":9,"column":24}},"9":{"start":{"line":10,"column":0},"end":{"line":10,"column":38}}},"fnMap":{},"branchMap":{},"s":{"0":46,"1":46,"2":46,"3":46,"4":46,"5":46,"6":46,"7":46,"8":46,"9":46},"f":{},"b":{}}
,"/Users/gabrielfranco/personal/nano-auth/src/utils/password.ts": {"path":"/Users/gabrielfranco/personal/nano-auth/src/utils/password.ts","statementMap":{"0":{"start":{"line":1,"column":0},"end":{"line":1,"column":47}},"1":{"start":{"line":13,"column":30},"end":{"line":15,"column":1}},"2":{"start":{"line":14,"column":2},"end":{"line":14,"column":37}},"3":{"start":{"line":13,"column":13},"end":{"line":13,"column":30}},"4":{"start":{"line":24,"column":29},"end":{"line":26,"column":1}},"5":{"start":{"line":25,"column":2},"end":{"line":25,"column":36}},"6":{"start":{"line":24,"column":13},"end":{"line":24,"column":29}}},"fnMap":{"0":{"name":"(anonymous_0)","decl":{"start":{"line":13,"column":30},"end":{"line":13,"column":31}},"loc":{"start":{"line":13,"column":56},"end":{"line":15,"column":1}}},"1":{"name":"(anonymous_1)","decl":{"start":{"line":24,"column":29},"end":{"line":24,"column":30}},"loc":{"start":{"line":24,"column":63},"end":{"line":26,"column":1}}}},"branchMap":{},"s":{"0":46,"1":46,"2":125,"3":46,"4":46,"5":12,"6":46},"f":{"0":125,"1":12},"b":{}}
,"/Users/gabrielfranco/personal/nano-auth/src/utils/random-key.ts": {"path":"/Users/gabrielfranco/personal/nano-auth/src/utils/random-key.ts","statementMap":{"0":{"start":{"line":1,"column":0},"end":{"line":1,"column":33}},"1":{"start":{"line":2,"column":0},"end":{"line":2,"column":39}},"2":{"start":{"line":10,"column":28},"end":{"line":19,"column":2}},"3":{"start":{"line":10,"column":39},"end":{"line":19,"column":2}},"4":{"start":{"line":11,"column":16},"end":{"line":11,"column":64}},"5":{"start":{"line":12,"column":14},"end":{"line":12,"column":28}},"6":{"start":{"line":13,"column":17},"end":{"line":13,"column":29}},"7":{"start":{"line":14,"column":21},"end":{"line":16,"column":4}},"8":{"start":{"line":18,"column":2},"end":{"line":18,"column":37}},"9":{"start":{"line":10,"column":13},"end":{"line":10,"column":28}}},"fnMap":{"0":{"name":"(anonymous_7)","decl":{"start":{"line":10,"column":28},"end":{"line":10,"column":37}},"loc":{"start":{"line":10,"column":39},"end":{"line":19,"column":2}}},"1":{"name":"(anonymous_8)","decl":{"start":{"line":10,"column":39},"end":{"line":10,"column":null}},"loc":{"start":{"line":10,"column":39},"end":{"line":19,"column":1}}}},"branchMap":{},"s":{"0":46,"1":46,"2":46,"3":20,"4":20,"5":20,"6":20,"7":20,"8":20,"9":46},"f":{"0":20,"1":20},"b":{}}
,"/Users/gabrielfranco/personal/nano-auth/src/utils/recreate-token.ts": {"path":"/Users/gabrielfranco/personal/nano-auth/src/utils/recreate-token.ts","statementMap":{"0":{"start":{"line":2,"column":0},"end":{"line":2,"column":62}},"1":{"start":{"line":3,"column":0},"end":{"line":3,"column":46}},"2":{"start":{"line":4,"column":0},"end":{"line":4,"column":44}},"3":{"start":{"line":13,"column":29},"end":{"line":38,"column":2}},"4":{"start":{"line":16,"column":4},"end":{"line":38,"column":2}},"5":{"start":{"line":17,"column":30},"end":{"line":17,"column":50}},"6":{"start":{"line":19,"column":16},"end":{"line":28,"column":null}},"7":{"start":{"line":31,"column":2},"end":{"line":35,"column":5}},"8":{"start":{"line":37,"column":2},"end":{"line":37,"column":15}},"9":{"start":{"line":13,"column":13},"end":{"line":13,"column":29}}},"fnMap":{"0":{"name":"(anonymous_7)","decl":{"start":{"line":13,"column":29},"end":{"line":13,"column":null}},"loc":{"start":{"line":16,"column":4},"end":{"line":38,"column":2}}},"1":{"name":"(anonymous_8)","decl":{"start":{"line":16,"column":4},"end":{"line":16,"column":null}},"loc":{"start":{"line":16,"column":4},"end":{"line":38,"column":1}}}},"branchMap":{},"s":{"0":46,"1":46,"2":46,"3":46,"4":3,"5":3,"6":3,"7":3,"8":3,"9":46},"f":{"0":3,"1":3},"b":{}}
,"/Users/gabrielfranco/personal/nano-auth/src/utils/token.ts": {"path":"/Users/gabrielfranco/personal/nano-auth/src/utils/token.ts","statementMap":{"0":{"start":{"line":1,"column":0},"end":{"line":1,"column":20}},"1":{"start":{"line":2,"column":0},"end":{"line":2,"column":32}},"2":{"start":{"line":9,"column":37},"end":{"line":14,"column":1}},"3":{"start":{"line":10,"column":19},"end":{"line":10,"column":28}},"4":{"start":{"line":11,"column":20},"end":{"line":11,"column":41}},"5":{"start":{"line":12,"column":31},"end":{"line":12,"column":53}},"6":{"start":{"line":13,"column":2},"end":{"line":13,"column":47}},"7":{"start":{"line":9,"column":13},"end":{"line":9,"column":37}},"8":{"start":{"line":22,"column":39},"end":{"line":27,"column":1}},"9":{"start":{"line":23,"column":18},"end":{"line":23,"column":34}},"10":{"start":{"line":24,"column":31},"end":{"line":24,"column":41}},"11":{"start":{"line":25,"column":28},"end":{"line":25,"column":62}},"12":{"start":{"line":26,"column":2},"end":{"line":26,"column":40}},"13":{"start":{"line":22,"column":13},"end":{"line":22,"column":39}}},"fnMap":{"0":{"name":"(anonymous_1)","decl":{"start":{"line":9,"column":37},"end":{"line":9,"column":48}},"loc":{"start":{"line":9,"column":50},"end":{"line":14,"column":1}}},"1":{"name":"(anonymous_2)","decl":{"start":{"line":22,"column":39},"end":{"line":22,"column":40}},"loc":{"start":{"line":22,"column":66},"end":{"line":27,"column":1}}}},"branchMap":{},"s":{"0":46,"1":46,"2":46,"3":107,"4":107,"5":107,"6":107,"7":46,"8":46,"9":14,"10":14,"11":14,"12":14,"13":46},"f":{"0":107,"1":14},"b":{}}
,"/Users/gabrielfranco/personal/nano-auth/src/utils/upgrade-to-business.ts": {"path":"/Users/gabrielfranco/personal/nano-auth/src/utils/upgrade-to-business.ts","statementMap":{"0":{"start":{"line":1,"column":0},"end":{"line":1,"column":53}},"1":{"start":{"line":3,"column":0},"end":{"line":3,"column":32}},"2":{"start":{"line":4,"column":0},"end":{"line":4,"column":null}},"3":{"start":{"line":11,"column":33},"end":{"line":56,"column":2}},"4":{"start":{"line":11,"column":56},"end":{"line":56,"column":2}},"5":{"start":{"line":18,"column":6},"end":{"line":18,"column":14}},"6":{"start":{"line":20,"column":18},"end":{"line":22,"column":4}},"7":{"start":{"line":24,"column":2},"end":{"line":26,"column":null}},"8":{"start":{"line":25,"column":4},"end":{"line":25,"column":56}},"9":{"start":{"line":29,"column":17},"end":{"line":31,"column":4}},"10":{"start":{"line":33,"column":2},"end":{"line":35,"column":null}},"11":{"start":{"line":34,"column":4},"end":{"line":34,"column":65}},"12":{"start":{"line":38,"column":2},"end":{"line":41,"column":null}},"13":{"start":{"line":39,"column":4},"end":{"line":39,"column":30}},"14":{"start":{"line":40,"column":4},"end":{"line":40,"column":51}},"15":{"start":{"line":43,"column":2},"end":{"line":45,"column":null}},"16":{"start":{"line":44,"column":4},"end":{"line":44,"column":39}},"17":{"start":{"line":47,"column":2},"end":{"line":49,"column":null}},"18":{"start":{"line":48,"column":4},"end":{"line":48,"column":45}},"19":{"start":{"line":51,"column":2},"end":{"line":51,"column":25}},"20":{"start":{"line":52,"column":2},"end":{"line":52,"column":27}},"21":{"start":{"line":53,"column":2},"end":{"line":53,"column":33}},"22":{"start":{"line":54,"column":2},"end":{"line":54,"column":41}},"23":{"start":{"line":55,"column":2},"end":{"line":55,"column":49}},"24":{"start":{"line":11,"column":13},"end":{"line":11,"column":33}}},"fnMap":{"0":{"name":"(anonymous_7)","decl":{"start":{"line":11,"column":33},"end":{"line":11,"column":40}},"loc":{"start":{"line":11,"column":56},"end":{"line":56,"column":2}}},"1":{"name":"(anonymous_8)","decl":{"start":{"line":11,"column":56},"end":{"line":11,"column":null}},"loc":{"start":{"line":11,"column":56},"end":{"line":56,"column":1}}}},"branchMap":{"0":{"loc":{"start":{"line":24,"column":2},"end":{"line":26,"column":null}},"type":"if","locations":[{"start":{"line":24,"column":2},"end":{"line":26,"column":null}},{"start":{"line":24,"column":2},"end":{"line":26,"column":null}}]},"1":{"loc":{"start":{"line":33,"column":2},"end":{"line":35,"column":null}},"type":"if","locations":[{"start":{"line":33,"column":2},"end":{"line":35,"column":null}},{"start":{"line":33,"column":2},"end":{"line":35,"column":null}}]},"2":{"loc":{"start":{"line":38,"column":2},"end":{"line":41,"column":null}},"type":"if","locations":[{"start":{"line":38,"column":2},"end":{"line":41,"column":null}},{"start":{"line":38,"column":2},"end":{"line":41,"column":null}}]},"3":{"loc":{"start":{"line":43,"column":2},"end":{"line":45,"column":null}},"type":"if","locations":[{"start":{"line":43,"column":2},"end":{"line":45,"column":null}},{"start":{"line":43,"column":2},"end":{"line":45,"column":null}}]},"4":{"loc":{"start":{"line":47,"column":2},"end":{"line":49,"column":null}},"type":"if","locations":[{"start":{"line":47,"column":2},"end":{"line":49,"column":null}},{"start":{"line":47,"column":2},"end":{"line":49,"column":null}}]}},"s":{"0":46,"1":46,"2":46,"3":46,"4":7,"5":7,"6":7,"7":7,"8":2,"9":5,"10":5,"11":2,"12":3,"13":3,"14":3,"15":3,"16":2,"17":3,"18":2,"19":3,"20":3,"21":3,"22":3,"23":3,"24":46},"f":{"0":7,"1":7},"b":{"0":[2,5],"1":[2,3],"2":[3,0],"3":[2,1],"4":[2,1]}}
}
